<?xml version="1.0" encoding="UTF-8"?>
<coverage generated="1779099315398" clover="3.2.0">
  <project timestamp="1779099315398" name="All files">
    <metrics statements="880" coveredstatements="569" conditionals="319" coveredconditionals="242" methods="26" coveredmethods="21" elements="1225" coveredelements="832" complexity="0" loc="880" ncloc="880" packages="1" files="8" classes="8"/>
    <file name="calc.js" path="D:\Work\Projects\ItilityHealth\QuestionaryPrototype\js\fhir\calc.js">
      <metrics statements="57" coveredstatements="40" conditionals="15" coveredconditionals="12" methods="3" coveredmethods="2"/>
      <line num="1" count="1" type="stmt"/>
      <line num="2" count="1" type="stmt"/>
      <line num="3" count="1" type="stmt"/>
      <line num="4" count="1" type="stmt"/>
      <line num="5" count="1" type="stmt"/>
      <line num="6" count="1" type="cond" truecount="1" falsecount="0"/>
      <line num="7" count="4" type="stmt"/>
      <line num="8" count="4" type="stmt"/>
      <line num="9" count="4" type="cond" truecount="2" falsecount="0"/>
      <line num="10" count="2" type="stmt"/>
      <line num="11" count="2" type="stmt"/>
      <line num="12" count="4" type="cond" truecount="1" falsecount="1"/>
      <line num="13" count="4" type="cond" truecount="0" falsecount="1"/>
      <line num="14" count="4" type="stmt"/>
      <line num="15" count="4" type="stmt"/>
      <line num="16" count="4" type="stmt"/>
      <line num="17" count="1" type="stmt"/>
      <line num="18" count="1" type="cond" truecount="1" falsecount="0"/>
      <line num="19" count="8" type="stmt"/>
      <line num="20" count="8" type="stmt"/>
      <line num="21" count="8" type="cond" truecount="2" falsecount="0"/>
      <line num="22" count="5" type="stmt"/>
      <line num="23" count="5" type="stmt"/>
      <line num="24" count="5" type="cond" truecount="1" falsecount="0"/>
      <line num="25" count="3" type="cond" truecount="1" falsecount="0"/>
      <line num="26" count="5" type="cond" truecount="1" falsecount="0"/>
      <line num="27" count="1" type="stmt"/>
      <line num="28" count="1" type="cond" truecount="0" falsecount="1"/>
      <line num="29" count="1" type="stmt"/>
      <line num="30" count="5" type="cond" truecount="1" falsecount="0"/>
      <line num="31" count="1" type="stmt"/>
      <line num="32" count="1" type="stmt"/>
      <line num="33" count="5" type="stmt"/>
      <line num="34" count="8" type="cond" truecount="1" falsecount="0"/>
      <line num="35" count="8" type="stmt"/>
      <line num="36" count="8" type="stmt"/>
      <line num="37" count="1" type="stmt"/>
      <line num="38" count="1" type="stmt"/>
      <line num="39" count="1" type="stmt"/>
      <line num="40" count="1" type="stmt"/>
      <line num="41" count="0" type="stmt"/>
      <line num="42" count="0" type="stmt"/>
      <line num="43" count="0" type="stmt"/>
      <line num="44" count="0" type="stmt"/>
      <line num="45" count="0" type="stmt"/>
      <line num="46" count="0" type="stmt"/>
      <line num="47" count="0" type="stmt"/>
      <line num="48" count="0" type="stmt"/>
      <line num="49" count="0" type="stmt"/>
      <line num="50" count="0" type="stmt"/>
      <line num="51" count="0" type="stmt"/>
      <line num="52" count="0" type="stmt"/>
      <line num="53" count="0" type="stmt"/>
      <line num="54" count="0" type="stmt"/>
      <line num="55" count="0" type="stmt"/>
      <line num="56" count="0" type="stmt"/>
      <line num="57" count="0" type="stmt"/>
    </file>
    <file name="explain.js" path="D:\Work\Projects\ItilityHealth\QuestionaryPrototype\js\fhir\explain.js">
      <metrics statements="139" coveredstatements="0" conditionals="1" coveredconditionals="0" methods="1" coveredmethods="0"/>
      <line num="1" count="0" type="cond" truecount="0" falsecount="1"/>
      <line num="2" count="0" type="stmt"/>
      <line num="3" count="0" type="stmt"/>
      <line num="4" count="0" type="stmt"/>
      <line num="5" count="0" type="stmt"/>
      <line num="6" count="0" type="stmt"/>
      <line num="7" count="0" type="stmt"/>
      <line num="8" count="0" type="stmt"/>
      <line num="9" count="0" type="stmt"/>
      <line num="10" count="0" type="stmt"/>
      <line num="11" count="0" type="stmt"/>
      <line num="12" count="0" type="stmt"/>
      <line num="13" count="0" type="stmt"/>
      <line num="14" count="0" type="stmt"/>
      <line num="15" count="0" type="stmt"/>
      <line num="16" count="0" type="stmt"/>
      <line num="17" count="0" type="stmt"/>
      <line num="18" count="0" type="stmt"/>
      <line num="19" count="0" type="stmt"/>
      <line num="20" count="0" type="stmt"/>
      <line num="21" count="0" type="stmt"/>
      <line num="22" count="0" type="stmt"/>
      <line num="23" count="0" type="stmt"/>
      <line num="24" count="0" type="stmt"/>
      <line num="25" count="0" type="stmt"/>
      <line num="26" count="0" type="stmt"/>
      <line num="27" count="0" type="stmt"/>
      <line num="28" count="0" type="stmt"/>
      <line num="29" count="0" type="stmt"/>
      <line num="30" count="0" type="stmt"/>
      <line num="31" count="0" type="stmt"/>
      <line num="32" count="0" type="stmt"/>
      <line num="33" count="0" type="stmt"/>
      <line num="34" count="0" type="stmt"/>
      <line num="35" count="0" type="stmt"/>
      <line num="36" count="0" type="stmt"/>
      <line num="37" count="0" type="stmt"/>
      <line num="38" count="0" type="stmt"/>
      <line num="39" count="0" type="stmt"/>
      <line num="40" count="0" type="stmt"/>
      <line num="41" count="0" type="stmt"/>
      <line num="42" count="0" type="stmt"/>
      <line num="43" count="0" type="stmt"/>
      <line num="44" count="0" type="stmt"/>
      <line num="45" count="0" type="stmt"/>
      <line num="46" count="0" type="stmt"/>
      <line num="47" count="0" type="stmt"/>
      <line num="48" count="0" type="stmt"/>
      <line num="49" count="0" type="stmt"/>
      <line num="50" count="0" type="stmt"/>
      <line num="51" count="0" type="stmt"/>
      <line num="52" count="0" type="stmt"/>
      <line num="53" count="0" type="stmt"/>
      <line num="54" count="0" type="stmt"/>
      <line num="55" count="0" type="stmt"/>
      <line num="56" count="0" type="stmt"/>
      <line num="57" count="0" type="stmt"/>
      <line num="58" count="0" type="stmt"/>
      <line num="59" count="0" type="stmt"/>
      <line num="60" count="0" type="stmt"/>
      <line num="61" count="0" type="stmt"/>
      <line num="62" count="0" type="stmt"/>
      <line num="63" count="0" type="stmt"/>
      <line num="64" count="0" type="stmt"/>
      <line num="65" count="0" type="stmt"/>
      <line num="66" count="0" type="stmt"/>
      <line num="67" count="0" type="stmt"/>
      <line num="68" count="0" type="stmt"/>
      <line num="69" count="0" type="stmt"/>
      <line num="70" count="0" type="stmt"/>
      <line num="71" count="0" type="stmt"/>
      <line num="72" count="0" type="stmt"/>
      <line num="73" count="0" type="stmt"/>
      <line num="74" count="0" type="stmt"/>
      <line num="75" count="0" type="stmt"/>
      <line num="76" count="0" type="stmt"/>
      <line num="77" count="0" type="stmt"/>
      <line num="78" count="0" type="stmt"/>
      <line num="79" count="0" type="stmt"/>
      <line num="80" count="0" type="stmt"/>
      <line num="81" count="0" type="stmt"/>
      <line num="82" count="0" type="stmt"/>
      <line num="83" count="0" type="stmt"/>
      <line num="84" count="0" type="stmt"/>
      <line num="85" count="0" type="stmt"/>
      <line num="86" count="0" type="stmt"/>
      <line num="87" count="0" type="stmt"/>
      <line num="88" count="0" type="stmt"/>
      <line num="89" count="0" type="stmt"/>
      <line num="90" count="0" type="stmt"/>
      <line num="91" count="0" type="stmt"/>
      <line num="92" count="0" type="stmt"/>
      <line num="93" count="0" type="stmt"/>
      <line num="94" count="0" type="stmt"/>
      <line num="95" count="0" type="stmt"/>
      <line num="96" count="0" type="stmt"/>
      <line num="97" count="0" type="stmt"/>
      <line num="98" count="0" type="stmt"/>
      <line num="99" count="0" type="stmt"/>
      <line num="100" count="0" type="stmt"/>
      <line num="101" count="0" type="stmt"/>
      <line num="102" count="0" type="stmt"/>
      <line num="103" count="0" type="stmt"/>
      <line num="104" count="0" type="stmt"/>
      <line num="105" count="0" type="stmt"/>
      <line num="106" count="0" type="stmt"/>
      <line num="107" count="0" type="stmt"/>
      <line num="108" count="0" type="stmt"/>
      <line num="109" count="0" type="stmt"/>
      <line num="110" count="0" type="stmt"/>
      <line num="111" count="0" type="stmt"/>
      <line num="112" count="0" type="stmt"/>
      <line num="113" count="0" type="stmt"/>
      <line num="114" count="0" type="stmt"/>
      <line num="115" count="0" type="stmt"/>
      <line num="116" count="0" type="stmt"/>
      <line num="117" count="0" type="stmt"/>
      <line num="118" count="0" type="stmt"/>
      <line num="119" count="0" type="stmt"/>
      <line num="120" count="0" type="stmt"/>
      <line num="121" count="0" type="stmt"/>
      <line num="122" count="0" type="stmt"/>
      <line num="123" count="0" type="stmt"/>
      <line num="124" count="0" type="stmt"/>
      <line num="125" count="0" type="stmt"/>
      <line num="126" count="0" type="stmt"/>
      <line num="127" count="0" type="stmt"/>
      <line num="128" count="0" type="stmt"/>
      <line num="129" count="0" type="stmt"/>
      <line num="130" count="0" type="stmt"/>
      <line num="131" count="0" type="stmt"/>
      <line num="132" count="0" type="stmt"/>
      <line num="133" count="0" type="stmt"/>
      <line num="134" count="0" type="stmt"/>
      <line num="135" count="0" type="stmt"/>
      <line num="136" count="0" type="stmt"/>
      <line num="137" count="0" type="stmt"/>
      <line num="138" count="0" type="stmt"/>
      <line num="139" count="0" type="stmt"/>
    </file>
    <file name="export.js" path="D:\Work\Projects\ItilityHealth\QuestionaryPrototype\js\fhir\export.js">
      <metrics statements="146" coveredstatements="127" conditionals="81" coveredconditionals="64" methods="5" coveredmethods="4"/>
      <line num="1" count="1" type="stmt"/>
      <line num="5" count="35" type="cond" truecount="1" falsecount="0"/>
      <line num="6" count="35" type="cond" truecount="2" falsecount="0"/>
      <line num="7" count="35" type="cond" truecount="2" falsecount="0"/>
      <line num="8" count="35" type="cond" truecount="2" falsecount="0"/>
      <line num="9" count="35" type="cond" truecount="2" falsecount="0"/>
      <line num="10" count="35" type="cond" truecount="1" falsecount="1"/>
      <line num="11" count="35" type="cond" truecount="3" falsecount="0"/>
      <line num="12" count="35" type="cond" truecount="2" falsecount="0"/>
      <line num="13" count="35" type="cond" truecount="2" falsecount="0"/>
      <line num="14" count="35" type="cond" truecount="2" falsecount="0"/>
      <line num="15" count="35" type="cond" truecount="2" falsecount="0"/>
      <line num="16" count="35" type="cond" truecount="2" falsecount="0"/>
      <line num="17" count="35" type="cond" truecount="1" falsecount="1"/>
      <line num="18" count="21" type="stmt"/>
      <line num="19" count="21" type="stmt"/>
      <line num="21" count="1" type="stmt"/>
      <line num="22" count="41" type="cond" truecount="1" falsecount="0"/>
      <line num="23" count="41" type="cond" truecount="2" falsecount="0"/>
      <line num="24" count="3" type="stmt"/>
      <line num="25" count="3" type="cond" truecount="1" falsecount="0"/>
      <line num="26" count="3" type="cond" truecount="1" falsecount="0"/>
      <line num="27" count="2" type="stmt"/>
      <line num="28" count="2" type="stmt"/>
      <line num="29" count="2" type="cond" truecount="0" falsecount="1"/>
      <line num="30" count="2" type="cond" truecount="0" falsecount="1"/>
      <line num="31" count="2" type="stmt"/>
      <line num="32" count="2" type="cond" truecount="0" falsecount="1"/>
      <line num="33" count="2" type="stmt"/>
      <line num="34" count="3" type="stmt"/>
      <line num="35" count="3" type="stmt"/>
      <line num="37" count="41" type="cond" truecount="1" falsecount="0"/>
      <line num="38" count="41" type="stmt"/>
      <line num="39" count="41" type="stmt"/>
      <line num="40" count="41" type="stmt"/>
      <line num="41" count="41" type="cond" truecount="2" falsecount="0"/>
      <line num="42" count="41" type="stmt"/>
      <line num="44" count="41" type="cond" truecount="0" falsecount="1"/>
      <line num="45" count="41" type="cond" truecount="0" falsecount="2"/>
      <line num="46" count="41" type="cond" truecount="2" falsecount="0"/>
      <line num="47" count="40" type="cond" truecount="1" falsecount="0"/>
      <line num="49" count="41" type="stmt"/>
      <line num="50" count="41" type="cond" truecount="1" falsecount="2"/>
      <line num="51" count="0" type="stmt"/>
      <line num="52" count="0" type="stmt"/>
      <line num="53" count="0" type="stmt"/>
      <line num="54" count="0" type="stmt"/>
      <line num="55" count="0" type="stmt"/>
      <line num="56" count="0" type="stmt"/>
      <line num="57" count="0" type="stmt"/>
      <line num="58" count="0" type="stmt"/>
      <line num="59" count="0" type="stmt"/>
      <line num="60" count="0" type="stmt"/>
      <line num="61" count="0" type="stmt"/>
      <line num="63" count="41" type="stmt"/>
      <line num="64" count="41" type="cond" truecount="2" falsecount="0"/>
      <line num="65" count="5" type="cond" truecount="1" falsecount="0"/>
      <line num="66" count="5" type="cond" truecount="1" falsecount="0"/>
      <line num="67" count="5" type="stmt"/>
      <line num="69" count="41" type="stmt"/>
      <line num="70" count="41" type="stmt"/>
      <line num="72" count="41" type="stmt"/>
      <line num="73" count="41" type="cond" truecount="1" falsecount="0"/>
      <line num="74" count="1" type="stmt"/>
      <line num="75" count="1" type="stmt"/>
      <line num="76" count="1" type="stmt"/>
      <line num="77" count="1" type="stmt"/>
      <line num="78" count="1" type="stmt"/>
      <line num="79" count="41" type="stmt"/>
      <line num="80" count="41" type="cond" truecount="2" falsecount="0"/>
      <line num="81" count="41" type="stmt"/>
      <line num="83" count="41" type="stmt"/>
      <line num="84" count="41" type="cond" truecount="3" falsecount="0"/>
      <line num="85" count="2" type="stmt"/>
      <line num="86" count="2" type="cond" truecount="1" falsecount="0"/>
      <line num="87" count="2" type="stmt"/>
      <line num="88" count="2" type="stmt"/>
      <line num="89" count="2" type="stmt"/>
      <line num="90" count="2" type="stmt"/>
      <line num="91" count="2" type="stmt"/>
      <line num="92" count="2" type="stmt"/>
      <line num="93" count="2" type="stmt"/>
      <line num="94" count="2" type="stmt"/>
      <line num="95" count="2" type="stmt"/>
      <line num="96" count="2" type="stmt"/>
      <line num="97" count="2" type="stmt"/>
      <line num="99" count="41" type="stmt"/>
      <line num="100" count="41" type="cond" truecount="0" falsecount="1"/>
      <line num="101" count="41" type="cond" truecount="0" falsecount="1"/>
      <line num="102" count="41" type="stmt"/>
      <line num="103" count="41" type="cond" truecount="0" falsecount="1"/>
      <line num="104" count="41" type="cond" truecount="0" falsecount="1"/>
      <line num="105" count="41" type="stmt"/>
      <line num="106" count="41" type="stmt"/>
      <line num="107" count="41" type="cond" truecount="0" falsecount="1"/>
      <line num="108" count="41" type="stmt"/>
      <line num="109" count="41" type="stmt"/>
      <line num="110" count="41" type="cond" truecount="0" falsecount="1"/>
      <line num="111" count="41" type="stmt"/>
      <line num="112" count="41" type="stmt"/>
      <line num="113" count="41" type="cond" truecount="1" falsecount="0"/>
      <line num="115" count="41" type="cond" truecount="1" falsecount="0"/>
      <line num="117" count="41" type="stmt"/>
      <line num="118" count="41" type="cond" truecount="1" falsecount="0"/>
      <line num="119" count="1" type="stmt"/>
      <line num="120" count="1" type="stmt"/>
      <line num="121" count="1" type="stmt"/>
      <line num="122" count="1" type="stmt"/>
      <line num="124" count="41" type="cond" truecount="1" falsecount="0"/>
      <line num="125" count="6" type="stmt"/>
      <line num="126" count="41" type="cond" truecount="5" falsecount="0"/>
      <line num="127" count="3" type="stmt"/>
      <line num="128" count="3" type="cond" truecount="1" falsecount="0"/>
      <line num="129" count="3" type="stmt"/>
      <line num="131" count="41" type="cond" truecount="0" falsecount="1"/>
      <line num="133" count="41" type="stmt"/>
      <line num="134" count="41" type="stmt"/>
      <line num="136" count="1" type="cond" truecount="1" falsecount="0"/>
      <line num="137" count="42" type="stmt"/>
      <line num="138" count="42" type="stmt"/>
      <line num="139" count="42" type="stmt"/>
      <line num="140" count="42" type="stmt"/>
      <line num="141" count="42" type="cond" truecount="2" falsecount="0"/>
      <line num="142" count="42" type="stmt"/>
      <line num="143" count="42" type="stmt"/>
      <line num="144" count="42" type="stmt"/>
      <line num="145" count="42" type="stmt"/>
      <line num="146" count="42" type="stmt"/>
      <line num="147" count="42" type="cond" truecount="2" falsecount="0"/>
      <line num="148" count="42" type="cond" truecount="1" falsecount="0"/>
      <line num="149" count="1" type="cond" truecount="1" falsecount="0"/>
      <line num="150" count="1" type="stmt"/>
      <line num="151" count="1" type="stmt"/>
      <line num="152" count="1" type="stmt"/>
      <line num="153" count="1" type="stmt"/>
      <line num="154" count="42" type="stmt"/>
      <line num="155" count="42" type="stmt"/>
      <line num="157" count="1" type="stmt"/>
      <line num="158" count="0" type="stmt"/>
      <line num="159" count="0" type="stmt"/>
      <line num="160" count="0" type="stmt"/>
      <line num="161" count="0" type="stmt"/>
      <line num="162" count="0" type="stmt"/>
      <line num="163" count="0" type="stmt"/>
      <line num="164" count="0" type="stmt"/>
      <line num="165" count="0" type="stmt"/>
    </file>
    <file name="import.js" path="D:\Work\Projects\ItilityHealth\QuestionaryPrototype\js\fhir\import.js">
      <metrics statements="265" coveredstatements="209" conditionals="139" coveredconditionals="93" methods="10" coveredmethods="10"/>
      <line num="1" count="1" type="stmt"/>
      <line num="2" count="1" type="stmt"/>
      <line num="3" count="1" type="stmt"/>
      <line num="4" count="1" type="stmt"/>
      <line num="5" count="1" type="stmt"/>
      <line num="6" count="1" type="stmt"/>
      <line num="7" count="8" type="cond" truecount="1" falsecount="0"/>
      <line num="8" count="8" type="cond" truecount="1" falsecount="0"/>
      <line num="9" count="6" type="cond" truecount="0" falsecount="1"/>
      <line num="10" count="6" type="cond" truecount="1" falsecount="0"/>
      <line num="11" count="6" type="stmt"/>
      <line num="12" count="8" type="stmt"/>
      <line num="13" count="1" type="stmt"/>
      <line num="14" count="1" type="stmt"/>
      <line num="15" count="21" type="cond" truecount="1" falsecount="0"/>
      <line num="16" count="21" type="cond" truecount="1" falsecount="0"/>
      <line num="17" count="21" type="cond" truecount="2" falsecount="0"/>
      <line num="18" count="21" type="cond" truecount="2" falsecount="0"/>
      <line num="19" count="21" type="cond" truecount="2" falsecount="0"/>
      <line num="20" count="21" type="cond" truecount="2" falsecount="0"/>
      <line num="21" count="21" type="cond" truecount="2" falsecount="0"/>
      <line num="22" count="21" type="cond" truecount="2" falsecount="0"/>
      <line num="23" count="21" type="cond" truecount="4" falsecount="0"/>
      <line num="24" count="21" type="cond" truecount="2" falsecount="0"/>
      <line num="25" count="21" type="cond" truecount="2" falsecount="0"/>
      <line num="26" count="21" type="cond" truecount="2" falsecount="0"/>
      <line num="27" count="8" type="cond" truecount="1" falsecount="0"/>
      <line num="28" count="8" type="stmt"/>
      <line num="29" count="1" type="stmt"/>
      <line num="30" count="1" type="stmt"/>
      <line num="31" count="16" type="cond" truecount="1" falsecount="0"/>
      <line num="32" count="16" type="cond" truecount="2" falsecount="0"/>
      <line num="33" count="12" type="cond" truecount="1" falsecount="0"/>
      <line num="34" count="8" type="cond" truecount="1" falsecount="0"/>
      <line num="35" count="8" type="cond" truecount="1" falsecount="0"/>
      <line num="36" count="8" type="cond" truecount="3" falsecount="0"/>
      <line num="37" count="8" type="cond" truecount="2" falsecount="0"/>
      <line num="38" count="8" type="stmt"/>
      <line num="39" count="12" type="cond" truecount="2" falsecount="1"/>
      <line num="40" count="16" type="stmt"/>
      <line num="41" count="16" type="stmt"/>
      <line num="42" count="1" type="stmt"/>
      <line num="43" count="1" type="stmt"/>
      <line num="44" count="13" type="cond" truecount="1" falsecount="0"/>
      <line num="45" count="13" type="cond" truecount="2" falsecount="0"/>
      <line num="46" count="6" type="cond" truecount="0" falsecount="2"/>
      <line num="47" count="6" type="stmt"/>
      <line num="48" count="6" type="stmt"/>
      <line num="49" count="13" type="stmt"/>
      <line num="50" count="13" type="stmt"/>
      <line num="51" count="1" type="stmt"/>
      <line num="52" count="1" type="stmt"/>
      <line num="53" count="19" type="cond" truecount="1" falsecount="0"/>
      <line num="54" count="19" type="cond" truecount="2" falsecount="0"/>
      <line num="55" count="19" type="cond" truecount="3" falsecount="0"/>
      <line num="56" count="19" type="cond" truecount="1" falsecount="0"/>
      <line num="57" count="18" type="cond" truecount="1" falsecount="0"/>
      <line num="58" count="18" type="cond" truecount="1" falsecount="0"/>
      <line num="59" count="17" type="cond" truecount="1" falsecount="0"/>
      <line num="60" count="18" type="cond" truecount="3" falsecount="0"/>
      <line num="61" count="5" type="cond" truecount="2" falsecount="0"/>
      <line num="62" count="3" type="cond" truecount="2" falsecount="0"/>
      <line num="63" count="2" type="cond" truecount="2" falsecount="0"/>
      <line num="64" count="1" type="cond" truecount="0" falsecount="2"/>
      <line num="65" count="0" type="cond" truecount="0" falsecount="1"/>
      <line num="66" count="18" type="cond" truecount="1" falsecount="1"/>
      <line num="67" count="18" type="stmt"/>
      <line num="68" count="19" type="stmt"/>
      <line num="69" count="19" type="stmt"/>
      <line num="70" count="19" type="stmt"/>
      <line num="71" count="1" type="stmt"/>
      <line num="72" count="1" type="stmt"/>
      <line num="73" count="13" type="cond" truecount="1" falsecount="0"/>
      <line num="74" count="13" type="stmt"/>
      <line num="75" count="13" type="cond" truecount="2" falsecount="0"/>
      <line num="76" count="5" type="cond" truecount="1" falsecount="0"/>
      <line num="77" count="5" type="cond" truecount="2" falsecount="0"/>
      <line num="78" count="5" type="stmt"/>
      <line num="79" count="5" type="stmt"/>
      <line num="80" count="13" type="stmt"/>
      <line num="81" count="13" type="cond" truecount="1" falsecount="0"/>
      <line num="82" count="13" type="cond" truecount="1" falsecount="0"/>
      <line num="83" count="13" type="stmt"/>
      <line num="84" count="13" type="cond" truecount="2" falsecount="0"/>
      <line num="85" count="1" type="cond" truecount="0" falsecount="1"/>
      <line num="86" count="1" type="stmt"/>
      <line num="87" count="13" type="stmt"/>
      <line num="88" count="1" type="stmt"/>
      <line num="89" count="1" type="stmt"/>
      <line num="90" count="1" type="stmt"/>
      <line num="91" count="6" type="cond" truecount="1" falsecount="0"/>
      <line num="92" count="6" type="stmt"/>
      <line num="93" count="6" type="stmt"/>
      <line num="94" count="6" type="stmt"/>
      <line num="95" count="6" type="stmt"/>
      <line num="96" count="0" type="cond" truecount="0" falsecount="1"/>
      <line num="97" count="0" type="stmt"/>
      <line num="98" count="0" type="stmt"/>
      <line num="99" count="0" type="stmt"/>
      <line num="100" count="0" type="stmt"/>
      <line num="101" count="0" type="stmt"/>
      <line num="102" count="0" type="stmt"/>
      <line num="103" count="0" type="stmt"/>
      <line num="104" count="0" type="stmt"/>
      <line num="105" count="0" type="stmt"/>
      <line num="106" count="0" type="stmt"/>
      <line num="107" count="0" type="stmt"/>
      <line num="108" count="1" type="stmt"/>
      <line num="109" count="1" type="stmt"/>
      <line num="110" count="5" type="cond" truecount="1" falsecount="0"/>
      <line num="111" count="5" type="cond" truecount="0" falsecount="2"/>
      <line num="112" count="5" type="cond" truecount="0" falsecount="1"/>
      <line num="113" count="5" type="cond" truecount="2" falsecount="0"/>
      <line num="114" count="5" type="cond" truecount="0" falsecount="1"/>
      <line num="115" count="5" type="stmt"/>
      <line num="116" count="5" type="stmt"/>
      <line num="117" count="5" type="cond" truecount="0" falsecount="1"/>
      <line num="118" count="0" type="stmt"/>
      <line num="119" count="0" type="stmt"/>
      <line num="120" count="0" type="stmt"/>
      <line num="121" count="0" type="stmt"/>
      <line num="122" count="0" type="stmt"/>
      <line num="123" count="0" type="stmt"/>
      <line num="124" count="5" type="stmt"/>
      <line num="125" count="5" type="stmt"/>
      <line num="126" count="5" type="stmt"/>
      <line num="127" count="5" type="stmt"/>
      <line num="128" count="5" type="stmt"/>
      <line num="129" count="5" type="stmt"/>
      <line num="130" count="5" type="cond" truecount="0" falsecount="1"/>
      <line num="131" count="0" type="stmt"/>
      <line num="132" count="0" type="stmt"/>
      <line num="133" count="0" type="stmt"/>
      <line num="134" count="0" type="stmt"/>
      <line num="135" count="0" type="stmt"/>
      <line num="136" count="5" type="stmt"/>
      <line num="137" count="5" type="cond" truecount="0" falsecount="1"/>
      <line num="138" count="0" type="stmt"/>
      <line num="139" count="0" type="stmt"/>
      <line num="140" count="0" type="stmt"/>
      <line num="141" count="0" type="stmt"/>
      <line num="142" count="0" type="stmt"/>
      <line num="143" count="5" type="stmt"/>
      <line num="144" count="5" type="cond" truecount="0" falsecount="1"/>
      <line num="145" count="5" type="cond" truecount="0" falsecount="1"/>
      <line num="146" count="5" type="stmt"/>
      <line num="147" count="5" type="stmt"/>
      <line num="148" count="5" type="stmt"/>
      <line num="149" count="5" type="stmt"/>
      <line num="150" count="5" type="stmt"/>
      <line num="151" count="5" type="cond" truecount="0" falsecount="2"/>
      <line num="152" count="0" type="stmt"/>
      <line num="153" count="0" type="stmt"/>
      <line num="154" count="5" type="stmt"/>
      <line num="155" count="5" type="stmt"/>
      <line num="156" count="5" type="stmt"/>
      <line num="157" count="5" type="stmt"/>
      <line num="158" count="5" type="stmt"/>
      <line num="159" count="5" type="cond" truecount="0" falsecount="2"/>
      <line num="160" count="0" type="stmt"/>
      <line num="161" count="0" type="stmt"/>
      <line num="162" count="5" type="stmt"/>
      <line num="163" count="5" type="stmt"/>
      <line num="164" count="5" type="cond" truecount="0" falsecount="1"/>
      <line num="165" count="5" type="cond" truecount="0" falsecount="2"/>
      <line num="166" count="5" type="stmt"/>
      <line num="167" count="5" type="stmt"/>
      <line num="168" count="5" type="cond" truecount="0" falsecount="2"/>
      <line num="169" count="0" type="stmt"/>
      <line num="170" count="0" type="stmt"/>
      <line num="171" count="0" type="stmt"/>
      <line num="172" count="0" type="stmt"/>
      <line num="173" count="0" type="stmt"/>
      <line num="174" count="0" type="stmt"/>
      <line num="175" count="0" type="stmt"/>
      <line num="176" count="0" type="stmt"/>
      <line num="177" count="0" type="stmt"/>
      <line num="178" count="0" type="stmt"/>
      <line num="179" count="0" type="stmt"/>
      <line num="180" count="0" type="stmt"/>
      <line num="181" count="5" type="stmt"/>
      <line num="182" count="5" type="stmt"/>
      <line num="183" count="1" type="stmt"/>
      <line num="184" count="1" type="stmt"/>
      <line num="185" count="6" type="cond" truecount="1" falsecount="0"/>
      <line num="186" count="6" type="cond" truecount="0" falsecount="1"/>
      <line num="187" count="6" type="stmt"/>
      <line num="188" count="6" type="cond" truecount="1" falsecount="0"/>
      <line num="189" count="1" type="cond" truecount="0" falsecount="2"/>
      <line num="190" count="1" type="cond" truecount="0" falsecount="1"/>
      <line num="191" count="1" type="cond" truecount="0" falsecount="1"/>
      <line num="192" count="1" type="stmt"/>
      <line num="193" count="1" type="stmt"/>
      <line num="194" count="1" type="cond" truecount="0" falsecount="1"/>
      <line num="195" count="1" type="cond" truecount="0" falsecount="1"/>
      <line num="196" count="1" type="cond" truecount="0" falsecount="1"/>
      <line num="197" count="1" type="cond" truecount="0" falsecount="1"/>
      <line num="198" count="1" type="cond" truecount="0" falsecount="2"/>
      <line num="199" count="1" type="cond" truecount="0" falsecount="1"/>
      <line num="200" count="1" type="stmt"/>
      <line num="201" count="1" type="stmt"/>
      <line num="202" count="1" type="stmt"/>
      <line num="203" count="1" type="stmt"/>
      <line num="204" count="1" type="stmt"/>
      <line num="205" count="5" type="cond" truecount="1" falsecount="0"/>
      <line num="206" count="5" type="stmt"/>
      <line num="207" count="6" type="cond" truecount="0" falsecount="1"/>
      <line num="208" count="0" type="stmt"/>
      <line num="209" count="0" type="stmt"/>
      <line num="210" count="0" type="stmt"/>
      <line num="211" count="0" type="stmt"/>
      <line num="212" count="0" type="stmt"/>
      <line num="213" count="0" type="stmt"/>
      <line num="214" count="0" type="stmt"/>
      <line num="215" count="0" type="stmt"/>
      <line num="216" count="0" type="stmt"/>
      <line num="217" count="0" type="stmt"/>
      <line num="218" count="0" type="stmt"/>
      <line num="219" count="5" type="cond" truecount="1" falsecount="0"/>
      <line num="220" count="5" type="stmt"/>
      <line num="221" count="5" type="stmt"/>
      <line num="222" count="1" type="stmt"/>
      <line num="223" count="1" type="stmt"/>
      <line num="224" count="1" type="stmt"/>
      <line num="225" count="1" type="stmt"/>
      <line num="226" count="1" type="stmt"/>
      <line num="227" count="1" type="cond" truecount="1" falsecount="0"/>
      <line num="228" count="9" type="stmt"/>
      <line num="229" count="9" type="cond" truecount="1" falsecount="0"/>
      <line num="230" count="2" type="cond" truecount="1" falsecount="0"/>
      <line num="231" count="2" type="stmt"/>
      <line num="232" count="9" type="cond" truecount="2" falsecount="0"/>
      <line num="233" count="1" type="stmt"/>
      <line num="234" count="1" type="stmt"/>
      <line num="235" count="1" type="stmt"/>
      <line num="236" count="7" type="cond" truecount="1" falsecount="0"/>
      <line num="237" count="7" type="stmt"/>
      <line num="238" count="7" type="stmt"/>
      <line num="239" count="7" type="stmt"/>
      <line num="240" count="7" type="stmt"/>
      <line num="241" count="7" type="stmt"/>
      <line num="242" count="7" type="stmt"/>
      <line num="243" count="7" type="stmt"/>
      <line num="244" count="9" type="cond" truecount="1" falsecount="1"/>
      <line num="245" count="1" type="stmt"/>
      <line num="246" count="1" type="stmt"/>
      <line num="247" count="1" type="cond" truecount="0" falsecount="1"/>
      <line num="248" count="1" type="cond" truecount="0" falsecount="1"/>
      <line num="249" count="1" type="stmt"/>
      <line num="250" count="1" type="stmt"/>
      <line num="251" count="1" type="stmt"/>
      <line num="252" count="7" type="cond" truecount="1" falsecount="0"/>
      <line num="253" count="7" type="stmt"/>
      <line num="254" count="7" type="stmt"/>
      <line num="255" count="7" type="stmt"/>
      <line num="256" count="9" type="cond" truecount="1" falsecount="1"/>
      <line num="257" count="5" type="stmt"/>
      <line num="258" count="5" type="stmt"/>
      <line num="259" count="5" type="stmt"/>
      <line num="260" count="7" type="cond" truecount="1" falsecount="0"/>
      <line num="261" count="7" type="stmt"/>
      <line num="262" count="7" type="stmt"/>
      <line num="263" count="7" type="stmt"/>
      <line num="264" count="9" type="cond" truecount="1" falsecount="1"/>
      <line num="265" count="9" type="stmt"/>
    </file>
    <file name="qr-builder.js" path="D:\Work\Projects\ItilityHealth\QuestionaryPrototype\js\fhir\qr-builder.js">
      <metrics statements="57" coveredstatements="57" conditionals="30" coveredconditionals="25" methods="2" coveredmethods="2"/>
      <line num="1" count="1" type="stmt"/>
      <line num="2" count="1" type="stmt"/>
      <line num="3" count="1" type="stmt"/>
      <line num="4" count="1" type="stmt"/>
      <line num="5" count="1" type="stmt"/>
      <line num="6" count="1" type="stmt"/>
      <line num="7" count="1" type="stmt"/>
      <line num="8" count="1" type="stmt"/>
      <line num="9" count="1" type="stmt"/>
      <line num="10" count="45" type="cond" truecount="1" falsecount="0"/>
      <line num="11" count="45" type="stmt"/>
      <line num="12" count="45" type="cond" truecount="1" falsecount="0"/>
      <line num="13" count="45" type="cond" truecount="0" falsecount="1"/>
      <line num="14" count="45" type="stmt"/>
      <line num="15" count="45" type="stmt"/>
      <line num="16" count="45" type="cond" truecount="1" falsecount="0"/>
      <line num="17" count="5" type="stmt"/>
      <line num="18" count="5" type="cond" truecount="1" falsecount="0"/>
      <line num="19" count="4" type="cond" truecount="1" falsecount="0"/>
      <line num="20" count="4" type="stmt"/>
      <line num="21" count="45" type="cond" truecount="2" falsecount="0"/>
      <line num="22" count="2" type="stmt"/>
      <line num="23" count="2" type="stmt"/>
      <line num="24" count="2" type="cond" truecount="1" falsecount="0"/>
      <line num="25" count="1" type="stmt"/>
      <line num="26" count="1" type="stmt"/>
      <line num="27" count="1" type="cond" truecount="0" falsecount="1"/>
      <line num="28" count="1" type="stmt"/>
      <line num="29" count="1" type="stmt"/>
      <line num="30" count="2" type="cond" truecount="1" falsecount="0"/>
      <line num="31" count="2" type="stmt"/>
      <line num="32" count="40" type="cond" truecount="2" falsecount="0"/>
      <line num="33" count="34" type="stmt"/>
      <line num="34" count="34" type="cond" truecount="1" falsecount="0"/>
      <line num="35" count="4" type="stmt"/>
      <line num="36" count="34" type="cond" truecount="3" falsecount="0"/>
      <line num="37" count="3" type="stmt"/>
      <line num="38" count="30" type="cond" truecount="2" falsecount="0"/>
      <line num="39" count="6" type="cond" truecount="0" falsecount="1"/>
      <line num="40" count="27" type="cond" truecount="3" falsecount="0"/>
      <line num="41" count="10" type="cond" truecount="0" falsecount="1"/>
      <line num="42" count="21" type="cond" truecount="1" falsecount="0"/>
      <line num="43" count="11" type="stmt"/>
      <line num="44" count="11" type="stmt"/>
      <line num="45" count="34" type="stmt"/>
      <line num="46" count="45" type="stmt"/>
      <line num="47" count="45" type="stmt"/>
      <line num="48" count="45" type="stmt"/>
      <line num="49" count="1" type="stmt"/>
      <line num="50" count="1" type="cond" truecount="1" falsecount="0"/>
      <line num="51" count="38" type="stmt"/>
      <line num="52" count="38" type="stmt"/>
      <line num="53" count="38" type="cond" truecount="2" falsecount="0"/>
      <line num="54" count="38" type="stmt"/>
      <line num="55" count="38" type="cond" truecount="1" falsecount="1"/>
      <line num="56" count="38" type="stmt"/>
      <line num="57" count="38" type="stmt"/>
    </file>
    <file name="qr-export.js" path="D:\Work\Projects\ItilityHealth\QuestionaryPrototype\js\fhir\qr-export.js">
      <metrics statements="16" coveredstatements="0" conditionals="1" coveredconditionals="0" methods="1" coveredmethods="0"/>
      <line num="1" count="0" type="cond" truecount="0" falsecount="1"/>
      <line num="2" count="0" type="stmt"/>
      <line num="3" count="0" type="stmt"/>
      <line num="4" count="0" type="stmt"/>
      <line num="5" count="0" type="stmt"/>
      <line num="6" count="0" type="stmt"/>
      <line num="7" count="0" type="stmt"/>
      <line num="8" count="0" type="stmt"/>
      <line num="9" count="0" type="stmt"/>
      <line num="10" count="0" type="stmt"/>
      <line num="11" count="0" type="stmt"/>
      <line num="12" count="0" type="stmt"/>
      <line num="13" count="0" type="stmt"/>
      <line num="14" count="0" type="stmt"/>
      <line num="15" count="0" type="stmt"/>
      <line num="16" count="0" type="stmt"/>
    </file>
    <file name="qr-import.js" path="D:\Work\Projects\ItilityHealth\QuestionaryPrototype\js\fhir\qr-import.js">
      <metrics statements="62" coveredstatements="0" conditionals="1" coveredconditionals="0" methods="1" coveredmethods="0"/>
      <line num="1" count="0" type="cond" truecount="0" falsecount="1"/>
      <line num="2" count="0" type="stmt"/>
      <line num="3" count="0" type="stmt"/>
      <line num="4" count="0" type="stmt"/>
      <line num="5" count="0" type="stmt"/>
      <line num="6" count="0" type="stmt"/>
      <line num="7" count="0" type="stmt"/>
      <line num="8" count="0" type="stmt"/>
      <line num="9" count="0" type="stmt"/>
      <line num="10" count="0" type="stmt"/>
      <line num="11" count="0" type="stmt"/>
      <line num="12" count="0" type="stmt"/>
      <line num="13" count="0" type="stmt"/>
      <line num="14" count="0" type="stmt"/>
      <line num="15" count="0" type="stmt"/>
      <line num="16" count="0" type="stmt"/>
      <line num="17" count="0" type="stmt"/>
      <line num="18" count="0" type="stmt"/>
      <line num="19" count="0" type="stmt"/>
      <line num="20" count="0" type="stmt"/>
      <line num="21" count="0" type="stmt"/>
      <line num="22" count="0" type="stmt"/>
      <line num="23" count="0" type="stmt"/>
      <line num="24" count="0" type="stmt"/>
      <line num="25" count="0" type="stmt"/>
      <line num="26" count="0" type="stmt"/>
      <line num="27" count="0" type="stmt"/>
      <line num="28" count="0" type="stmt"/>
      <line num="29" count="0" type="stmt"/>
      <line num="30" count="0" type="stmt"/>
      <line num="31" count="0" type="stmt"/>
      <line num="32" count="0" type="stmt"/>
      <line num="33" count="0" type="stmt"/>
      <line num="34" count="0" type="stmt"/>
      <line num="35" count="0" type="stmt"/>
      <line num="36" count="0" type="stmt"/>
      <line num="37" count="0" type="stmt"/>
      <line num="38" count="0" type="stmt"/>
      <line num="39" count="0" type="stmt"/>
      <line num="40" count="0" type="stmt"/>
      <line num="41" count="0" type="stmt"/>
      <line num="42" count="0" type="stmt"/>
      <line num="43" count="0" type="stmt"/>
      <line num="44" count="0" type="stmt"/>
      <line num="45" count="0" type="stmt"/>
      <line num="46" count="0" type="stmt"/>
      <line num="47" count="0" type="stmt"/>
      <line num="48" count="0" type="stmt"/>
      <line num="49" count="0" type="stmt"/>
      <line num="50" count="0" type="stmt"/>
      <line num="51" count="0" type="stmt"/>
      <line num="52" count="0" type="stmt"/>
      <line num="53" count="0" type="stmt"/>
      <line num="54" count="0" type="stmt"/>
      <line num="55" count="0" type="stmt"/>
      <line num="56" count="0" type="stmt"/>
      <line num="57" count="0" type="stmt"/>
      <line num="58" count="0" type="stmt"/>
      <line num="59" count="0" type="stmt"/>
      <line num="60" count="0" type="stmt"/>
      <line num="61" count="0" type="stmt"/>
      <line num="62" count="0" type="stmt"/>
    </file>
    <file name="validate.js" path="D:\Work\Projects\ItilityHealth\QuestionaryPrototype\js\fhir\validate.js">
      <metrics statements="138" coveredstatements="136" conditionals="51" coveredconditionals="48" methods="3" coveredmethods="3"/>
      <line num="1" count="1" type="stmt"/>
      <line num="2" count="1" type="stmt"/>
      <line num="3" count="1" type="stmt"/>
      <line num="4" count="1" type="stmt"/>
      <line num="5" count="1" type="stmt"/>
      <line num="6" count="1" type="stmt"/>
      <line num="7" count="1" type="stmt"/>
      <line num="8" count="1" type="stmt"/>
      <line num="9" count="1" type="stmt"/>
      <line num="10" count="1" type="stmt"/>
      <line num="11" count="1" type="stmt"/>
      <line num="12" count="1" type="stmt"/>
      <line num="13" count="1" type="stmt"/>
      <line num="14" count="1" type="stmt"/>
      <line num="15" count="1" type="stmt"/>
      <line num="16" count="1" type="stmt"/>
      <line num="17" count="1" type="stmt"/>
      <line num="18" count="1" type="stmt"/>
      <line num="19" count="1" type="stmt"/>
      <line num="20" count="1" type="stmt"/>
      <line num="21" count="1" type="stmt"/>
      <line num="22" count="1" type="stmt"/>
      <line num="23" count="1" type="stmt"/>
      <line num="24" count="1" type="stmt"/>
      <line num="25" count="1" type="stmt"/>
      <line num="26" count="1" type="stmt"/>
      <line num="27" count="1" type="stmt"/>
      <line num="28" count="1" type="stmt"/>
      <line num="29" count="1" type="stmt"/>
      <line num="30" count="1" type="stmt"/>
      <line num="31" count="1" type="stmt"/>
      <line num="32" count="1" type="stmt"/>
      <line num="33" count="1" type="stmt"/>
      <line num="34" count="1" type="stmt"/>
      <line num="35" count="1" type="stmt"/>
      <line num="36" count="1" type="stmt"/>
      <line num="37" count="1" type="stmt"/>
      <line num="38" count="1" type="stmt"/>
      <line num="39" count="28" type="cond" truecount="1" falsecount="0"/>
      <line num="40" count="28" type="cond" truecount="1" falsecount="0"/>
      <line num="41" count="30" type="stmt"/>
      <line num="42" count="30" type="cond" truecount="2" falsecount="0"/>
      <line num="43" count="30" type="stmt"/>
      <line num="44" count="28" type="stmt"/>
      <line num="45" count="28" type="stmt"/>
      <line num="46" count="1" type="stmt"/>
      <line num="47" count="1" type="stmt"/>
      <line num="48" count="1" type="stmt"/>
      <line num="49" count="65" type="cond" truecount="1" falsecount="0"/>
      <line num="50" count="65" type="cond" truecount="2" falsecount="0"/>
      <line num="51" count="8" type="cond" truecount="1" falsecount="0"/>
      <line num="52" count="65" type="cond" truecount="0" falsecount="1"/>
      <line num="53" count="8" type="cond" truecount="1" falsecount="0"/>
      <line num="54" count="8" type="stmt"/>
      <line num="55" count="8" type="stmt"/>
      <line num="56" count="65" type="cond" truecount="1" falsecount="0"/>
      <line num="57" count="3" type="stmt"/>
      <line num="58" count="3" type="stmt"/>
      <line num="59" count="65" type="stmt"/>
      <line num="60" count="1" type="stmt"/>
      <line num="61" count="1" type="cond" truecount="1" falsecount="0"/>
      <line num="62" count="27" type="stmt"/>
      <line num="63" count="27" type="stmt"/>
      <line num="64" count="27" type="cond" truecount="1" falsecount="0"/>
      <line num="65" count="27" type="stmt"/>
      <line num="66" count="27" type="stmt"/>
      <line num="67" count="27" type="stmt"/>
      <line num="68" count="27" type="cond" truecount="2" falsecount="0"/>
      <line num="69" count="27" type="cond" truecount="1" falsecount="0"/>
      <line num="70" count="27" type="stmt"/>
      <line num="71" count="27" type="cond" truecount="1" falsecount="0"/>
      <line num="72" count="30" type="stmt"/>
      <line num="73" count="30" type="stmt"/>
      <line num="74" count="30" type="stmt"/>
      <line num="75" count="30" type="cond" truecount="2" falsecount="0"/>
      <line num="76" count="2" type="stmt"/>
      <line num="77" count="30" type="cond" truecount="2" falsecount="0"/>
      <line num="78" count="2" type="stmt"/>
      <line num="79" count="2" type="stmt"/>
      <line num="80" count="30" type="stmt"/>
      <line num="81" count="30" type="stmt"/>
      <line num="82" count="30" type="stmt"/>
      <line num="83" count="30" type="cond" truecount="1" falsecount="0"/>
      <line num="84" count="30" type="stmt"/>
      <line num="85" count="30" type="stmt"/>
      <line num="86" count="30" type="cond" truecount="1" falsecount="0"/>
      <line num="87" count="30" type="stmt"/>
      <line num="88" count="30" type="cond" truecount="1" falsecount="0"/>
      <line num="89" count="2" type="stmt"/>
      <line num="90" count="2" type="cond" truecount="1" falsecount="0"/>
      <line num="91" count="1" type="stmt"/>
      <line num="92" count="1" type="stmt"/>
      <line num="93" count="2" type="stmt"/>
      <line num="94" count="2" type="stmt"/>
      <line num="95" count="30" type="stmt"/>
      <line num="96" count="30" type="cond" truecount="1" falsecount="0"/>
      <line num="97" count="5" type="stmt"/>
      <line num="98" count="5" type="cond" truecount="1" falsecount="0"/>
      <line num="99" count="5" type="cond" truecount="2" falsecount="0"/>
      <line num="100" count="1" type="stmt"/>
      <line num="101" count="5" type="cond" truecount="1" falsecount="1"/>
      <line num="102" count="0" type="stmt"/>
      <line num="103" count="0" type="stmt"/>
      <line num="104" count="5" type="cond" truecount="2" falsecount="0"/>
      <line num="105" count="1" type="stmt"/>
      <line num="106" count="1" type="stmt"/>
      <line num="107" count="5" type="stmt"/>
      <line num="108" count="5" type="cond" truecount="1" falsecount="0"/>
      <line num="109" count="5" type="cond" truecount="2" falsecount="0"/>
      <line num="110" count="1" type="stmt"/>
      <line num="111" count="1" type="stmt"/>
      <line num="112" count="5" type="stmt"/>
      <line num="113" count="5" type="stmt"/>
      <line num="114" count="30" type="stmt"/>
      <line num="115" count="30" type="stmt"/>
      <line num="116" count="30" type="cond" truecount="2" falsecount="0"/>
      <line num="117" count="2" type="cond" truecount="0" falsecount="1"/>
      <line num="118" count="2" type="stmt"/>
      <line num="119" count="30" type="stmt"/>
      <line num="120" count="30" type="cond" truecount="1" falsecount="0"/>
      <line num="121" count="30" type="cond" truecount="3" falsecount="0"/>
      <line num="122" count="30" type="cond" truecount="2" falsecount="0"/>
      <line num="123" count="2" type="stmt"/>
      <line num="124" count="2" type="stmt"/>
      <line num="125" count="30" type="stmt"/>
      <line num="126" count="30" type="stmt"/>
      <line num="127" count="30" type="cond" truecount="2" falsecount="0"/>
      <line num="128" count="3" type="cond" truecount="2" falsecount="0"/>
      <line num="129" count="1" type="stmt"/>
      <line num="130" count="3" type="cond" truecount="2" falsecount="0"/>
      <line num="131" count="1" type="stmt"/>
      <line num="132" count="1" type="stmt"/>
      <line num="133" count="3" type="stmt"/>
      <line num="134" count="30" type="stmt"/>
      <line num="135" count="30" type="stmt"/>
      <line num="136" count="27" type="stmt"/>
      <line num="137" count="27" type="stmt"/>
      <line num="138" count="27" type="stmt"/>
    </file>
  </project>
</coverage>
