{"D:\\Work\\Projects\\ItilityHealth\\QuestionaryPrototype\\js\\fhir\\calc.js": {"path":"D:\\Work\\Projects\\ItilityHealth\\QuestionaryPrototype\\js\\fhir\\calc.js","all":false,"statementMap":{"0":{"start":{"line":1,"column":0},"end":{"line":1,"column":81}},"1":{"start":{"line":2,"column":0},"end":{"line":2,"column":80}},"2":{"start":{"line":3,"column":0},"end":{"line":3,"column":0}},"3":{"start":{"line":4,"column":0},"end":{"line":4,"column":76}},"4":{"start":{"line":5,"column":0},"end":{"line":5,"column":85}},"5":{"start":{"line":6,"column":0},"end":{"line":6,"column":48}},"6":{"start":{"line":7,"column":0},"end":{"line":7,"column":17}},"7":{"start":{"line":8,"column":0},"end":{"line":8,"column":30}},"8":{"start":{"line":9,"column":0},"end":{"line":9,"column":43}},"9":{"start":{"line":10,"column":0},"end":{"line":10,"column":9}},"10":{"start":{"line":11,"column":0},"end":{"line":11,"column":77}},"11":{"start":{"line":12,"column":0},"end":{"line":12,"column":86}},"12":{"start":{"line":13,"column":0},"end":{"line":13,"column":63}},"13":{"start":{"line":14,"column":0},"end":{"line":14,"column":3}},"14":{"start":{"line":15,"column":0},"end":{"line":15,"column":13}},"15":{"start":{"line":16,"column":0},"end":{"line":16,"column":1}},"16":{"start":{"line":17,"column":0},"end":{"line":17,"column":0}},"17":{"start":{"line":18,"column":0},"end":{"line":18,"column":68}},"18":{"start":{"line":19,"column":0},"end":{"line":19,"column":43}},"19":{"start":{"line":20,"column":0},"end":{"line":20,"column":29}},"20":{"start":{"line":21,"column":0},"end":{"line":21,"column":49}},"21":{"start":{"line":22,"column":0},"end":{"line":22,"column":11}},"22":{"start":{"line":23,"column":0},"end":{"line":23,"column":66}},"23":{"start":{"line":24,"column":0},"end":{"line":24,"column":43}},"24":{"start":{"line":25,"column":0},"end":{"line":25,"column":71}},"25":{"start":{"line":26,"column":0},"end":{"line":26,"column":16}},"26":{"start":{"line":27,"column":0},"end":{"line":27,"column":66}},"27":{"start":{"line":28,"column":0},"end":{"line":28,"column":121}},"28":{"start":{"line":29,"column":0},"end":{"line":29,"column":9}},"29":{"start":{"line":30,"column":0},"end":{"line":30,"column":19}},"30":{"start":{"line":31,"column":0},"end":{"line":31,"column":53}},"31":{"start":{"line":32,"column":0},"end":{"line":32,"column":7}},"32":{"start":{"line":33,"column":0},"end":{"line":33,"column":5}},"33":{"start":{"line":34,"column":0},"end":{"line":34,"column":85}},"34":{"start":{"line":35,"column":0},"end":{"line":35,"column":3}},"35":{"start":{"line":36,"column":0},"end":{"line":36,"column":1}},"36":{"start":{"line":37,"column":0},"end":{"line":37,"column":0}},"37":{"start":{"line":38,"column":0},"end":{"line":38,"column":83}},"38":{"start":{"line":39,"column":0},"end":{"line":39,"column":80}},"39":{"start":{"line":40,"column":0},"end":{"line":40,"column":75}},"40":{"start":{"line":41,"column":0},"end":{"line":41,"column":43}},"41":{"start":{"line":42,"column":0},"end":{"line":42,"column":29}},"42":{"start":{"line":43,"column":0},"end":{"line":43,"column":28}},"43":{"start":{"line":44,"column":0},"end":{"line":44,"column":11}},"44":{"start":{"line":45,"column":0},"end":{"line":45,"column":63}},"45":{"start":{"line":46,"column":0},"end":{"line":46,"column":43}},"46":{"start":{"line":47,"column":0},"end":{"line":47,"column":71}},"47":{"start":{"line":48,"column":0},"end":{"line":48,"column":16}},"48":{"start":{"line":49,"column":0},"end":{"line":49,"column":121}},"49":{"start":{"line":50,"column":0},"end":{"line":50,"column":9}},"50":{"start":{"line":51,"column":0},"end":{"line":51,"column":19}},"51":{"start":{"line":52,"column":0},"end":{"line":52,"column":53}},"52":{"start":{"line":53,"column":0},"end":{"line":53,"column":7}},"53":{"start":{"line":54,"column":0},"end":{"line":54,"column":5}},"54":{"start":{"line":55,"column":0},"end":{"line":55,"column":92}},"55":{"start":{"line":56,"column":0},"end":{"line":56,"column":3}},"56":{"start":{"line":57,"column":0},"end":{"line":57,"column":1}}},"s":{"0":1,"1":1,"2":1,"3":1,"4":1,"5":1,"6":4,"7":4,"8":4,"9":2,"10":2,"11":4,"12":4,"13":4,"14":4,"15":4,"16":1,"17":1,"18":8,"19":8,"20":8,"21":5,"22":5,"23":5,"24":3,"25":5,"26":1,"27":1,"28":1,"29":5,"30":1,"31":1,"32":5,"33":8,"34":8,"35":8,"36":1,"37":1,"38":1,"39":1,"40":0,"41":0,"42":0,"43":0,"44":0,"45":0,"46":0,"47":0,"48":0,"49":0,"50":0,"51":0,"52":0,"53":0,"54":0,"55":0,"56":0},"branchMap":{"0":{"type":"branch","line":6,"loc":{"start":{"line":6,"column":7},"end":{"line":16,"column":1}},"locations":[{"start":{"line":6,"column":7},"end":{"line":16,"column":1}}]},"1":{"type":"branch","line":9,"loc":{"start":{"line":9,"column":16},"end":{"line":9,"column":32}},"locations":[{"start":{"line":9,"column":16},"end":{"line":9,"column":32}}]},"2":{"type":"branch","line":9,"loc":{"start":{"line":9,"column":34},"end":{"line":12,"column":64}},"locations":[{"start":{"line":9,"column":34},"end":{"line":12,"column":64}}]},"3":{"type":"branch","line":12,"loc":{"start":{"line":12,"column":65},"end":{"line":12,"column":76}},"locations":[{"start":{"line":12,"column":65},"end":{"line":12,"column":76}}]},"4":{"type":"branch","line":12,"loc":{"start":{"line":12,"column":77},"end":{"line":12,"column":85}},"locations":[{"start":{"line":12,"column":77},"end":{"line":12,"column":85}}]},"5":{"type":"branch","line":13,"loc":{"start":{"line":13,"column":6},"end":{"line":13,"column":63}},"locations":[{"start":{"line":13,"column":6},"end":{"line":13,"column":63}}]},"6":{"type":"branch","line":18,"loc":{"start":{"line":18,"column":7},"end":{"line":36,"column":1}},"locations":[{"start":{"line":18,"column":7},"end":{"line":36,"column":1}}]},"7":{"type":"branch","line":21,"loc":{"start":{"line":21,"column":29},"end":{"line":21,"column":46}},"locations":[{"start":{"line":21,"column":29},"end":{"line":21,"column":46}}]},"8":{"type":"branch","line":21,"loc":{"start":{"line":21,"column":48},"end":{"line":33,"column":5}},"locations":[{"start":{"line":21,"column":48},"end":{"line":33,"column":5}}]},"9":{"type":"branch","line":24,"loc":{"start":{"line":24,"column":42},"end":{"line":26,"column":9}},"locations":[{"start":{"line":24,"column":42},"end":{"line":26,"column":9}}]},"10":{"type":"branch","line":25,"loc":{"start":{"line":25,"column":47},"end":{"line":25,"column":70}},"locations":[{"start":{"line":25,"column":47},"end":{"line":25,"column":70}}]},"11":{"type":"branch","line":26,"loc":{"start":{"line":26,"column":9},"end":{"line":29,"column":9}},"locations":[{"start":{"line":26,"column":9},"end":{"line":29,"column":9}}]},"12":{"type":"branch","line":28,"loc":{"start":{"line":28,"column":68},"end":{"line":28,"column":120}},"locations":[{"start":{"line":28,"column":68},"end":{"line":28,"column":120}}]},"13":{"type":"branch","line":30,"loc":{"start":{"line":30,"column":8},"end":{"line":32,"column":7}},"locations":[{"start":{"line":30,"column":8},"end":{"line":32,"column":7}}]},"14":{"type":"branch","line":34,"loc":{"start":{"line":34,"column":31},"end":{"line":34,"column":85}},"locations":[{"start":{"line":34,"column":31},"end":{"line":34,"column":85}}]}},"b":{"0":[4],"1":[3],"2":[2],"3":[2],"4":[0],"5":[0],"6":[8],"7":[6],"8":[5],"9":[3],"10":[1],"11":[1],"12":[0],"13":[1],"14":[1]},"fnMap":{"0":{"name":"buildVarEnv","decl":{"start":{"line":6,"column":7},"end":{"line":16,"column":1}},"loc":{"start":{"line":6,"column":7},"end":{"line":16,"column":1}},"line":6},"1":{"name":"evalCalcNodes","decl":{"start":{"line":18,"column":7},"end":{"line":36,"column":1}},"loc":{"start":{"line":18,"column":7},"end":{"line":36,"column":1}},"line":18},"2":{"name":"evalInitialExprNodes","decl":{"start":{"line":40,"column":7},"end":{"line":57,"column":1}},"loc":{"start":{"line":40,"column":7},"end":{"line":57,"column":1}},"line":40}},"f":{"0":4,"1":8,"2":0}}
,"D:\\Work\\Projects\\ItilityHealth\\QuestionaryPrototype\\js\\fhir\\explain.js": {"path":"D:\\Work\\Projects\\ItilityHealth\\QuestionaryPrototype\\js\\fhir\\explain.js","all":true,"statementMap":{"0":{"start":{"line":1,"column":0},"end":{"line":1,"column":81}},"1":{"start":{"line":2,"column":0},"end":{"line":2,"column":77}},"2":{"start":{"line":3,"column":0},"end":{"line":3,"column":59}},"3":{"start":{"line":4,"column":0},"end":{"line":4,"column":2}},"4":{"start":{"line":5,"column":0},"end":{"line":5,"column":15}},"5":{"start":{"line":6,"column":0},"end":{"line":6,"column":55}},"6":{"start":{"line":7,"column":0},"end":{"line":7,"column":55}},"7":{"start":{"line":8,"column":0},"end":{"line":8,"column":55}},"8":{"start":{"line":9,"column":0},"end":{"line":9,"column":71}},"9":{"start":{"line":10,"column":0},"end":{"line":10,"column":0}},"10":{"start":{"line":11,"column":0},"end":{"line":11,"column":82}},"11":{"start":{"line":12,"column":0},"end":{"line":12,"column":0}},"12":{"start":{"line":13,"column":0},"end":{"line":13,"column":3}},"13":{"start":{"line":14,"column":0},"end":{"line":14,"column":75}},"14":{"start":{"line":15,"column":0},"end":{"line":15,"column":78}},"15":{"start":{"line":16,"column":0},"end":{"line":16,"column":72}},"16":{"start":{"line":17,"column":0},"end":{"line":17,"column":3}},"17":{"start":{"line":18,"column":0},"end":{"line":18,"column":30}},"18":{"start":{"line":19,"column":0},"end":{"line":19,"column":19}},"19":{"start":{"line":20,"column":0},"end":{"line":20,"column":16}},"20":{"start":{"line":21,"column":0},"end":{"line":21,"column":40}},"21":{"start":{"line":22,"column":0},"end":{"line":22,"column":17}},"22":{"start":{"line":23,"column":0},"end":{"line":23,"column":30}},"23":{"start":{"line":24,"column":0},"end":{"line":24,"column":25}},"24":{"start":{"line":25,"column":0},"end":{"line":25,"column":27}},"25":{"start":{"line":26,"column":0},"end":{"line":26,"column":0}},"26":{"start":{"line":27,"column":0},"end":{"line":27,"column":33}},"27":{"start":{"line":28,"column":0},"end":{"line":28,"column":23}},"28":{"start":{"line":29,"column":0},"end":{"line":29,"column":16}},"29":{"start":{"line":30,"column":0},"end":{"line":30,"column":37}},"30":{"start":{"line":31,"column":0},"end":{"line":31,"column":15}},"31":{"start":{"line":32,"column":0},"end":{"line":32,"column":5}},"32":{"start":{"line":33,"column":0},"end":{"line":33,"column":59}},"33":{"start":{"line":34,"column":0},"end":{"line":34,"column":70}},"34":{"start":{"line":35,"column":0},"end":{"line":35,"column":70}},"35":{"start":{"line":36,"column":0},"end":{"line":36,"column":69}},"36":{"start":{"line":37,"column":0},"end":{"line":37,"column":46}},"37":{"start":{"line":38,"column":0},"end":{"line":38,"column":22}},"38":{"start":{"line":39,"column":0},"end":{"line":39,"column":22}},"39":{"start":{"line":40,"column":0},"end":{"line":40,"column":5}},"40":{"start":{"line":41,"column":0},"end":{"line":41,"column":3}},"41":{"start":{"line":42,"column":0},"end":{"line":42,"column":25}},"42":{"start":{"line":43,"column":0},"end":{"line":43,"column":41}},"43":{"start":{"line":44,"column":0},"end":{"line":44,"column":17}},"44":{"start":{"line":45,"column":0},"end":{"line":45,"column":3}},"45":{"start":{"line":46,"column":0},"end":{"line":46,"column":12}},"46":{"start":{"line":47,"column":0},"end":{"line":47,"column":1}},"47":{"start":{"line":48,"column":0},"end":{"line":48,"column":0}},"48":{"start":{"line":49,"column":0},"end":{"line":49,"column":3}},"49":{"start":{"line":50,"column":0},"end":{"line":50,"column":78}},"50":{"start":{"line":51,"column":0},"end":{"line":51,"column":54}},"51":{"start":{"line":52,"column":0},"end":{"line":52,"column":3}},"52":{"start":{"line":53,"column":0},"end":{"line":53,"column":34}},"53":{"start":{"line":54,"column":0},"end":{"line":54,"column":21}},"54":{"start":{"line":55,"column":0},"end":{"line":55,"column":41}},"55":{"start":{"line":56,"column":0},"end":{"line":56,"column":16}},"56":{"start":{"line":57,"column":0},"end":{"line":57,"column":41}},"57":{"start":{"line":58,"column":0},"end":{"line":58,"column":38}},"58":{"start":{"line":59,"column":0},"end":{"line":59,"column":31}},"59":{"start":{"line":60,"column":0},"end":{"line":60,"column":14}},"60":{"start":{"line":61,"column":0},"end":{"line":61,"column":24}},"61":{"start":{"line":62,"column":0},"end":{"line":62,"column":71}},"62":{"start":{"line":63,"column":0},"end":{"line":63,"column":7}},"63":{"start":{"line":64,"column":0},"end":{"line":64,"column":5}},"64":{"start":{"line":65,"column":0},"end":{"line":65,"column":3}},"65":{"start":{"line":66,"column":0},"end":{"line":66,"column":14}},"66":{"start":{"line":67,"column":0},"end":{"line":67,"column":1}},"67":{"start":{"line":68,"column":0},"end":{"line":68,"column":0}},"68":{"start":{"line":69,"column":0},"end":{"line":69,"column":81}},"69":{"start":{"line":70,"column":0},"end":{"line":70,"column":0}},"70":{"start":{"line":71,"column":0},"end":{"line":71,"column":3}},"71":{"start":{"line":72,"column":0},"end":{"line":72,"column":68}},"72":{"start":{"line":73,"column":0},"end":{"line":73,"column":58}},"73":{"start":{"line":74,"column":0},"end":{"line":74,"column":3}},"74":{"start":{"line":75,"column":0},"end":{"line":75,"column":40}},"75":{"start":{"line":76,"column":0},"end":{"line":76,"column":49}},"76":{"start":{"line":77,"column":0},"end":{"line":77,"column":0}},"77":{"start":{"line":78,"column":0},"end":{"line":78,"column":26}},"78":{"start":{"line":79,"column":0},"end":{"line":79,"column":55}},"79":{"start":{"line":80,"column":0},"end":{"line":80,"column":17}},"80":{"start":{"line":81,"column":0},"end":{"line":81,"column":62}},"81":{"start":{"line":82,"column":0},"end":{"line":82,"column":3}},"82":{"start":{"line":83,"column":0},"end":{"line":83,"column":0}},"83":{"start":{"line":84,"column":0},"end":{"line":84,"column":55}},"84":{"start":{"line":85,"column":0},"end":{"line":85,"column":40}},"85":{"start":{"line":86,"column":0},"end":{"line":86,"column":28}},"86":{"start":{"line":87,"column":0},"end":{"line":87,"column":72}},"87":{"start":{"line":88,"column":0},"end":{"line":88,"column":3}},"88":{"start":{"line":89,"column":0},"end":{"line":89,"column":0}},"89":{"start":{"line":90,"column":0},"end":{"line":90,"column":19}},"90":{"start":{"line":91,"column":0},"end":{"line":91,"column":42}},"91":{"start":{"line":92,"column":0},"end":{"line":92,"column":29}},"92":{"start":{"line":93,"column":0},"end":{"line":93,"column":74}},"93":{"start":{"line":94,"column":0},"end":{"line":94,"column":3}},"94":{"start":{"line":95,"column":0},"end":{"line":95,"column":0}},"95":{"start":{"line":96,"column":0},"end":{"line":96,"column":26}},"96":{"start":{"line":97,"column":0},"end":{"line":97,"column":32}},"97":{"start":{"line":98,"column":0},"end":{"line":98,"column":1}},"98":{"start":{"line":99,"column":0},"end":{"line":99,"column":0}},"99":{"start":{"line":100,"column":0},"end":{"line":100,"column":81}},"100":{"start":{"line":101,"column":0},"end":{"line":101,"column":0}},"101":{"start":{"line":102,"column":0},"end":{"line":102,"column":3}},"102":{"start":{"line":103,"column":0},"end":{"line":103,"column":62}},"103":{"start":{"line":104,"column":0},"end":{"line":104,"column":79}},"104":{"start":{"line":105,"column":0},"end":{"line":105,"column":3}},"105":{"start":{"line":106,"column":0},"end":{"line":106,"column":59}},"106":{"start":{"line":107,"column":0},"end":{"line":107,"column":22}},"107":{"start":{"line":108,"column":0},"end":{"line":108,"column":18}},"108":{"start":{"line":109,"column":0},"end":{"line":109,"column":11}},"109":{"start":{"line":110,"column":0},"end":{"line":110,"column":73}},"110":{"start":{"line":111,"column":0},"end":{"line":111,"column":57}},"111":{"start":{"line":112,"column":0},"end":{"line":112,"column":60}},"112":{"start":{"line":113,"column":0},"end":{"line":113,"column":72}},"113":{"start":{"line":114,"column":0},"end":{"line":114,"column":82}},"114":{"start":{"line":115,"column":0},"end":{"line":115,"column":53}},"115":{"start":{"line":116,"column":0},"end":{"line":116,"column":19}},"116":{"start":{"line":117,"column":0},"end":{"line":117,"column":27}},"117":{"start":{"line":118,"column":0},"end":{"line":118,"column":32}},"118":{"start":{"line":119,"column":0},"end":{"line":119,"column":7}},"119":{"start":{"line":120,"column":0},"end":{"line":120,"column":12}},"120":{"start":{"line":121,"column":0},"end":{"line":121,"column":5}},"121":{"start":{"line":122,"column":0},"end":{"line":122,"column":17}},"122":{"start":{"line":123,"column":0},"end":{"line":123,"column":54}},"123":{"start":{"line":124,"column":0},"end":{"line":124,"column":75}},"124":{"start":{"line":125,"column":0},"end":{"line":125,"column":12}},"125":{"start":{"line":126,"column":0},"end":{"line":126,"column":5}},"126":{"start":{"line":127,"column":0},"end":{"line":127,"column":17}},"127":{"start":{"line":128,"column":0},"end":{"line":128,"column":76}},"128":{"start":{"line":129,"column":0},"end":{"line":129,"column":64}},"129":{"start":{"line":130,"column":0},"end":{"line":130,"column":12}},"130":{"start":{"line":131,"column":0},"end":{"line":131,"column":5}},"131":{"start":{"line":132,"column":0},"end":{"line":132,"column":16}},"132":{"start":{"line":133,"column":0},"end":{"line":133,"column":76}},"133":{"start":{"line":134,"column":0},"end":{"line":134,"column":63}},"134":{"start":{"line":135,"column":0},"end":{"line":135,"column":12}},"135":{"start":{"line":136,"column":0},"end":{"line":136,"column":5}},"136":{"start":{"line":137,"column":0},"end":{"line":137,"column":3}},"137":{"start":{"line":138,"column":0},"end":{"line":138,"column":14}},"138":{"start":{"line":139,"column":0},"end":{"line":139,"column":1}}},"s":{"0":0,"1":0,"2":0,"3":0,"4":0,"5":0,"6":0,"7":0,"8":0,"9":0,"10":0,"11":0,"12":0,"13":0,"14":0,"15":0,"16":0,"17":0,"18":0,"19":0,"20":0,"21":0,"22":0,"23":0,"24":0,"25":0,"26":0,"27":0,"28":0,"29":0,"30":0,"31":0,"32":0,"33":0,"34":0,"35":0,"36":0,"37":0,"38":0,"39":0,"40":0,"41":0,"42":0,"43":0,"44":0,"45":0,"46":0,"47":0,"48":0,"49":0,"50":0,"51":0,"52":0,"53":0,"54":0,"55":0,"56":0,"57":0,"58":0,"59":0,"60":0,"61":0,"62":0,"63":0,"64":0,"65":0,"66":0,"67":0,"68":0,"69":0,"70":0,"71":0,"72":0,"73":0,"74":0,"75":0,"76":0,"77":0,"78":0,"79":0,"80":0,"81":0,"82":0,"83":0,"84":0,"85":0,"86":0,"87":0,"88":0,"89":0,"90":0,"91":0,"92":0,"93":0,"94":0,"95":0,"96":0,"97":0,"98":0,"99":0,"100":0,"101":0,"102":0,"103":0,"104":0,"105":0,"106":0,"107":0,"108":0,"109":0,"110":0,"111":0,"112":0,"113":0,"114":0,"115":0,"116":0,"117":0,"118":0,"119":0,"120":0,"121":0,"122":0,"123":0,"124":0,"125":0,"126":0,"127":0,"128":0,"129":0,"130":0,"131":0,"132":0,"133":0,"134":0,"135":0,"136":0,"137":0,"138":0},"branchMap":{"0":{"type":"branch","line":1,"loc":{"start":{"line":1,"column":0},"end":{"line":139,"column":-116}},"locations":[{"start":{"line":1,"column":0},"end":{"line":139,"column":-116}}]}},"b":{"0":[0]},"fnMap":{"0":{"name":"(empty-report)","decl":{"start":{"line":1,"column":0},"end":{"line":139,"column":-116}},"loc":{"start":{"line":1,"column":0},"end":{"line":139,"column":-116}},"line":1}},"f":{"0":0}}
,"D:\\Work\\Projects\\ItilityHealth\\QuestionaryPrototype\\js\\fhir\\export.js": {"path":"D:\\Work\\Projects\\ItilityHealth\\QuestionaryPrototype\\js\\fhir\\export.js","all":false,"statementMap":{"0":{"start":{"line":1,"column":0},"end":{"line":1,"column":82}},"4":{"start":{"line":5,"column":0},"end":{"line":5,"column":32}},"5":{"start":{"line":6,"column":0},"end":{"line":6,"column":44}},"6":{"start":{"line":7,"column":0},"end":{"line":7,"column":46}},"7":{"start":{"line":8,"column":0},"end":{"line":8,"column":47}},"8":{"start":{"line":9,"column":0},"end":{"line":9,"column":66}},"9":{"start":{"line":10,"column":0},"end":{"line":10,"column":45}},"10":{"start":{"line":11,"column":0},"end":{"line":11,"column":55}},"11":{"start":{"line":12,"column":0},"end":{"line":12,"column":48}},"12":{"start":{"line":13,"column":0},"end":{"line":13,"column":44}},"13":{"start":{"line":14,"column":0},"end":{"line":14,"column":41}},"14":{"start":{"line":15,"column":0},"end":{"line":15,"column":40}},"15":{"start":{"line":16,"column":0},"end":{"line":16,"column":47}},"16":{"start":{"line":17,"column":0},"end":{"line":17,"column":46}},"17":{"start":{"line":18,"column":0},"end":{"line":18,"column":18}},"18":{"start":{"line":19,"column":0},"end":{"line":19,"column":1}},"20":{"start":{"line":21,"column":0},"end":{"line":21,"column":67}},"21":{"start":{"line":22,"column":0},"end":{"line":22,"column":48}},"22":{"start":{"line":23,"column":0},"end":{"line":23,"column":51}},"23":{"start":{"line":24,"column":0},"end":{"line":24,"column":19}},"24":{"start":{"line":25,"column":0},"end":{"line":25,"column":30}},"25":{"start":{"line":26,"column":0},"end":{"line":26,"column":16}},"26":{"start":{"line":27,"column":0},"end":{"line":27,"column":78}},"27":{"start":{"line":28,"column":0},"end":{"line":28,"column":18}},"28":{"start":{"line":29,"column":0},"end":{"line":29,"column":82}},"29":{"start":{"line":30,"column":0},"end":{"line":30,"column":82}},"30":{"start":{"line":31,"column":0},"end":{"line":31,"column":57}},"31":{"start":{"line":32,"column":0},"end":{"line":32,"column":82}},"32":{"start":{"line":33,"column":0},"end":{"line":33,"column":7}},"33":{"start":{"line":34,"column":0},"end":{"line":34,"column":8}},"34":{"start":{"line":35,"column":0},"end":{"line":35,"column":1}},"36":{"start":{"line":37,"column":0},"end":{"line":37,"column":31}},"37":{"start":{"line":38,"column":0},"end":{"line":38,"column":20}},"38":{"start":{"line":39,"column":0},"end":{"line":39,"column":20}},"39":{"start":{"line":40,"column":0},"end":{"line":40,"column":23}},"40":{"start":{"line":41,"column":0},"end":{"line":41,"column":79}},"41":{"start":{"line":42,"column":0},"end":{"line":42,"column":4}},"43":{"start":{"line":44,"column":0},"end":{"line":44,"column":51}},"44":{"start":{"line":45,"column":0},"end":{"line":45,"column":69}},"45":{"start":{"line":46,"column":0},"end":{"line":46,"column":57}},"46":{"start":{"line":47,"column":0},"end":{"line":47,"column":63}},"48":{"start":{"line":49,"column":0},"end":{"line":49,"column":51}},"49":{"start":{"line":50,"column":0},"end":{"line":50,"column":94}},"50":{"start":{"line":51,"column":0},"end":{"line":51,"column":48}},"51":{"start":{"line":52,"column":0},"end":{"line":52,"column":18}},"52":{"start":{"line":53,"column":0},"end":{"line":53,"column":155}},"53":{"start":{"line":54,"column":0},"end":{"line":54,"column":93}},"54":{"start":{"line":55,"column":0},"end":{"line":55,"column":95}},"55":{"start":{"line":56,"column":0},"end":{"line":56,"column":89}},"56":{"start":{"line":57,"column":0},"end":{"line":57,"column":89}},"57":{"start":{"line":58,"column":0},"end":{"line":58,"column":136}},"58":{"start":{"line":59,"column":0},"end":{"line":59,"column":89}},"59":{"start":{"line":60,"column":0},"end":{"line":60,"column":50}},"60":{"start":{"line":61,"column":0},"end":{"line":61,"column":3}},"62":{"start":{"line":63,"column":0},"end":{"line":63,"column":79}},"63":{"start":{"line":64,"column":0},"end":{"line":64,"column":50}},"64":{"start":{"line":65,"column":0},"end":{"line":65,"column":65}},"65":{"start":{"line":66,"column":0},"end":{"line":66,"column":71}},"66":{"start":{"line":67,"column":0},"end":{"line":67,"column":3}},"68":{"start":{"line":69,"column":0},"end":{"line":69,"column":79}},"69":{"start":{"line":70,"column":0},"end":{"line":70,"column":17}},"71":{"start":{"line":72,"column":0},"end":{"line":72,"column":50}},"72":{"start":{"line":73,"column":0},"end":{"line":73,"column":34}},"73":{"start":{"line":74,"column":0},"end":{"line":74,"column":14}},"74":{"start":{"line":75,"column":0},"end":{"line":75,"column":99}},"75":{"start":{"line":76,"column":0},"end":{"line":76,"column":91}},"76":{"start":{"line":77,"column":0},"end":{"line":77,"column":7}},"77":{"start":{"line":78,"column":0},"end":{"line":78,"column":3}},"78":{"start":{"line":79,"column":0},"end":{"line":79,"column":79}},"79":{"start":{"line":80,"column":0},"end":{"line":80,"column":91}},"80":{"start":{"line":81,"column":0},"end":{"line":81,"column":58}},"82":{"start":{"line":83,"column":0},"end":{"line":83,"column":78}},"83":{"start":{"line":84,"column":0},"end":{"line":84,"column":91}},"84":{"start":{"line":85,"column":0},"end":{"line":85,"column":28}},"85":{"start":{"line":86,"column":0},"end":{"line":86,"column":73}},"86":{"start":{"line":87,"column":0},"end":{"line":87,"column":20}},"87":{"start":{"line":88,"column":0},"end":{"line":88,"column":14}},"88":{"start":{"line":89,"column":0},"end":{"line":89,"column":78}},"89":{"start":{"line":90,"column":0},"end":{"line":90,"column":18}},"90":{"start":{"line":91,"column":0},"end":{"line":91,"column":62}},"91":{"start":{"line":92,"column":0},"end":{"line":92,"column":52}},"92":{"start":{"line":93,"column":0},"end":{"line":93,"column":96}},"93":{"start":{"line":94,"column":0},"end":{"line":94,"column":47}},"94":{"start":{"line":95,"column":0},"end":{"line":95,"column":7}},"95":{"start":{"line":96,"column":0},"end":{"line":96,"column":7}},"96":{"start":{"line":97,"column":0},"end":{"line":97,"column":3}},"98":{"start":{"line":99,"column":0},"end":{"line":99,"column":28}},"99":{"start":{"line":100,"column":0},"end":{"line":100,"column":62}},"100":{"start":{"line":101,"column":0},"end":{"line":101,"column":132}},"101":{"start":{"line":102,"column":0},"end":{"line":102,"column":18}},"102":{"start":{"line":103,"column":0},"end":{"line":103,"column":56}},"103":{"start":{"line":104,"column":0},"end":{"line":104,"column":163}},"104":{"start":{"line":105,"column":0},"end":{"line":105,"column":25}},"105":{"start":{"line":106,"column":0},"end":{"line":106,"column":27}},"106":{"start":{"line":107,"column":0},"end":{"line":107,"column":193}},"107":{"start":{"line":108,"column":0},"end":{"line":108,"column":22}},"108":{"start":{"line":109,"column":0},"end":{"line":109,"column":24}},"109":{"start":{"line":110,"column":0},"end":{"line":110,"column":187}},"110":{"start":{"line":111,"column":0},"end":{"line":111,"column":29}},"111":{"start":{"line":112,"column":0},"end":{"line":112,"column":32}},"112":{"start":{"line":113,"column":0},"end":{"line":113,"column":211}},"114":{"start":{"line":115,"column":0},"end":{"line":115,"column":43}},"116":{"start":{"line":117,"column":0},"end":{"line":117,"column":52}},"117":{"start":{"line":118,"column":0},"end":{"line":118,"column":26}},"118":{"start":{"line":119,"column":0},"end":{"line":119,"column":22}},"119":{"start":{"line":120,"column":0},"end":{"line":120,"column":117}},"120":{"start":{"line":121,"column":0},"end":{"line":121,"column":6}},"121":{"start":{"line":122,"column":0},"end":{"line":122,"column":3}},"123":{"start":{"line":124,"column":0},"end":{"line":124,"column":30}},"124":{"start":{"line":125,"column":0},"end":{"line":125,"column":54}},"125":{"start":{"line":126,"column":0},"end":{"line":126,"column":124}},"126":{"start":{"line":127,"column":0},"end":{"line":127,"column":54}},"127":{"start":{"line":128,"column":0},"end":{"line":128,"column":72}},"128":{"start":{"line":129,"column":0},"end":{"line":129,"column":3}},"130":{"start":{"line":131,"column":0},"end":{"line":131,"column":47}},"132":{"start":{"line":133,"column":0},"end":{"line":133,"column":18}},"133":{"start":{"line":134,"column":0},"end":{"line":134,"column":1}},"135":{"start":{"line":136,"column":0},"end":{"line":136,"column":35}},"136":{"start":{"line":137,"column":0},"end":{"line":137,"column":98}},"137":{"start":{"line":138,"column":0},"end":{"line":138,"column":13}},"138":{"start":{"line":139,"column":0},"end":{"line":139,"column":34}},"139":{"start":{"line":140,"column":0},"end":{"line":140,"column":35}},"140":{"start":{"line":141,"column":0},"end":{"line":141,"column":79}},"141":{"start":{"line":142,"column":0},"end":{"line":142,"column":20}},"142":{"start":{"line":143,"column":0},"end":{"line":143,"column":29}},"143":{"start":{"line":144,"column":0},"end":{"line":144,"column":51}},"144":{"start":{"line":145,"column":0},"end":{"line":145,"column":36}},"145":{"start":{"line":146,"column":0},"end":{"line":146,"column":4}},"146":{"start":{"line":147,"column":0},"end":{"line":147,"column":66}},"147":{"start":{"line":148,"column":0},"end":{"line":148,"column":20}},"148":{"start":{"line":149,"column":0},"end":{"line":149,"column":34}},"149":{"start":{"line":150,"column":0},"end":{"line":150,"column":23}},"150":{"start":{"line":151,"column":0},"end":{"line":151,"column":92}},"151":{"start":{"line":152,"column":0},"end":{"line":152,"column":8}},"152":{"start":{"line":153,"column":0},"end":{"line":153,"column":3}},"153":{"start":{"line":154,"column":0},"end":{"line":154,"column":11}},"154":{"start":{"line":155,"column":0},"end":{"line":155,"column":1}},"156":{"start":{"line":157,"column":0},"end":{"line":157,"column":38}},"157":{"start":{"line":158,"column":0},"end":{"line":158,"column":30}},"158":{"start":{"line":159,"column":0},"end":{"line":159,"column":84}},"159":{"start":{"line":160,"column":0},"end":{"line":160,"column":40}},"160":{"start":{"line":161,"column":0},"end":{"line":161,"column":37}},"161":{"start":{"line":162,"column":0},"end":{"line":162,"column":48}},"162":{"start":{"line":163,"column":0},"end":{"line":163,"column":12}},"163":{"start":{"line":164,"column":0},"end":{"line":164,"column":30}},"164":{"start":{"line":165,"column":0},"end":{"line":165,"column":1}}},"s":{"0":1,"4":35,"5":35,"6":35,"7":35,"8":35,"9":35,"10":35,"11":35,"12":35,"13":35,"14":35,"15":35,"16":35,"17":21,"18":21,"20":1,"21":41,"22":41,"23":3,"24":3,"25":3,"26":2,"27":2,"28":2,"29":2,"30":2,"31":2,"32":2,"33":3,"34":3,"36":41,"37":41,"38":41,"39":41,"40":41,"41":41,"43":41,"44":41,"45":41,"46":40,"48":41,"49":41,"50":0,"51":0,"52":0,"53":0,"54":0,"55":0,"56":0,"57":0,"58":0,"59":0,"60":0,"62":41,"63":41,"64":5,"65":5,"66":5,"68":41,"69":41,"71":41,"72":41,"73":1,"74":1,"75":1,"76":1,"77":1,"78":41,"79":41,"80":41,"82":41,"83":41,"84":2,"85":2,"86":2,"87":2,"88":2,"89":2,"90":2,"91":2,"92":2,"93":2,"94":2,"95":2,"96":2,"98":41,"99":41,"100":41,"101":41,"102":41,"103":41,"104":41,"105":41,"106":41,"107":41,"108":41,"109":41,"110":41,"111":41,"112":41,"114":41,"116":41,"117":41,"118":1,"119":1,"120":1,"121":1,"123":41,"124":6,"125":41,"126":3,"127":3,"128":3,"130":41,"132":41,"133":41,"135":1,"136":42,"137":42,"138":42,"139":42,"140":42,"141":42,"142":42,"143":42,"144":42,"145":42,"146":42,"147":42,"148":1,"149":1,"150":1,"151":1,"152":1,"153":42,"154":42,"156":1,"157":0,"158":0,"159":0,"160":0,"161":0,"162":0,"163":0,"164":0},"branchMap":{"0":{"type":"branch","line":5,"loc":{"start":{"line":5,"column":0},"end":{"line":19,"column":1}},"locations":[{"start":{"line":5,"column":0},"end":{"line":19,"column":1}}]},"1":{"type":"branch","line":6,"loc":{"start":{"line":6,"column":27},"end":{"line":6,"column":44}},"locations":[{"start":{"line":6,"column":27},"end":{"line":6,"column":44}}]},"2":{"type":"branch","line":6,"loc":{"start":{"line":6,"column":43},"end":{"line":7,"column":29}},"locations":[{"start":{"line":6,"column":43},"end":{"line":7,"column":29}}]},"3":{"type":"branch","line":7,"loc":{"start":{"line":7,"column":29},"end":{"line":7,"column":46}},"locations":[{"start":{"line":7,"column":29},"end":{"line":7,"column":46}}]},"4":{"type":"branch","line":7,"loc":{"start":{"line":7,"column":45},"end":{"line":8,"column":30}},"locations":[{"start":{"line":7,"column":45},"end":{"line":8,"column":30}}]},"5":{"type":"branch","line":8,"loc":{"start":{"line":8,"column":30},"end":{"line":8,"column":47}},"locations":[{"start":{"line":8,"column":30},"end":{"line":8,"column":47}}]},"6":{"type":"branch","line":8,"loc":{"start":{"line":8,"column":46},"end":{"line":9,"column":30}},"locations":[{"start":{"line":8,"column":46},"end":{"line":9,"column":30}}]},"7":{"type":"branch","line":9,"loc":{"start":{"line":9,"column":30},"end":{"line":9,"column":47}},"locations":[{"start":{"line":9,"column":30},"end":{"line":9,"column":47}}]},"8":{"type":"branch","line":9,"loc":{"start":{"line":9,"column":47},"end":{"line":10,"column":27}},"locations":[{"start":{"line":9,"column":47},"end":{"line":10,"column":27}}]},"9":{"type":"branch","line":10,"loc":{"start":{"line":10,"column":27},"end":{"line":10,"column":45}},"locations":[{"start":{"line":10,"column":27},"end":{"line":10,"column":45}}]},"10":{"type":"branch","line":10,"loc":{"start":{"line":10,"column":44},"end":{"line":11,"column":21}},"locations":[{"start":{"line":10,"column":44},"end":{"line":11,"column":21}}]},"11":{"type":"branch","line":11,"loc":{"start":{"line":11,"column":21},"end":{"line":11,"column":37}},"locations":[{"start":{"line":11,"column":21},"end":{"line":11,"column":37}}]},"12":{"type":"branch","line":11,"loc":{"start":{"line":11,"column":39},"end":{"line":11,"column":55}},"locations":[{"start":{"line":11,"column":39},"end":{"line":11,"column":55}}]},"13":{"type":"branch","line":11,"loc":{"start":{"line":11,"column":54},"end":{"line":12,"column":27}},"locations":[{"start":{"line":11,"column":54},"end":{"line":12,"column":27}}]},"14":{"type":"branch","line":12,"loc":{"start":{"line":12,"column":27},"end":{"line":12,"column":48}},"locations":[{"start":{"line":12,"column":27},"end":{"line":12,"column":48}}]},"15":{"type":"branch","line":12,"loc":{"start":{"line":12,"column":47},"end":{"line":13,"column":27}},"locations":[{"start":{"line":12,"column":47},"end":{"line":13,"column":27}}]},"16":{"type":"branch","line":13,"loc":{"start":{"line":13,"column":27},"end":{"line":13,"column":44}},"locations":[{"start":{"line":13,"column":27},"end":{"line":13,"column":44}}]},"17":{"type":"branch","line":13,"loc":{"start":{"line":13,"column":43},"end":{"line":14,"column":27}},"locations":[{"start":{"line":13,"column":43},"end":{"line":14,"column":27}}]},"18":{"type":"branch","line":14,"loc":{"start":{"line":14,"column":27},"end":{"line":14,"column":41}},"locations":[{"start":{"line":14,"column":27},"end":{"line":14,"column":41}}]},"19":{"type":"branch","line":14,"loc":{"start":{"line":14,"column":40},"end":{"line":15,"column":27}},"locations":[{"start":{"line":14,"column":40},"end":{"line":15,"column":27}}]},"20":{"type":"branch","line":15,"loc":{"start":{"line":15,"column":27},"end":{"line":15,"column":40}},"locations":[{"start":{"line":15,"column":27},"end":{"line":15,"column":40}}]},"21":{"type":"branch","line":15,"loc":{"start":{"line":15,"column":39},"end":{"line":16,"column":27}},"locations":[{"start":{"line":15,"column":39},"end":{"line":16,"column":27}}]},"22":{"type":"branch","line":16,"loc":{"start":{"line":16,"column":27},"end":{"line":16,"column":47}},"locations":[{"start":{"line":16,"column":27},"end":{"line":16,"column":47}}]},"23":{"type":"branch","line":16,"loc":{"start":{"line":16,"column":46},"end":{"line":17,"column":27}},"locations":[{"start":{"line":16,"column":46},"end":{"line":17,"column":27}}]},"24":{"type":"branch","line":17,"loc":{"start":{"line":17,"column":27},"end":{"line":17,"column":46}},"locations":[{"start":{"line":17,"column":27},"end":{"line":17,"column":46}}]},"25":{"type":"branch","line":17,"loc":{"start":{"line":17,"column":45},"end":{"line":19,"column":1}},"locations":[{"start":{"line":17,"column":45},"end":{"line":19,"column":1}}]},"26":{"type":"branch","line":22,"loc":{"start":{"line":22,"column":0},"end":{"line":35,"column":1}},"locations":[{"start":{"line":22,"column":0},"end":{"line":35,"column":1}}]},"27":{"type":"branch","line":23,"loc":{"start":{"line":23,"column":41},"end":{"line":23,"column":51}},"locations":[{"start":{"line":23,"column":41},"end":{"line":23,"column":51}}]},"28":{"type":"branch","line":23,"loc":{"start":{"line":23,"column":50},"end":{"line":35,"column":1}},"locations":[{"start":{"line":23,"column":50},"end":{"line":35,"column":1}}]},"29":{"type":"branch","line":25,"loc":{"start":{"line":25,"column":12},"end":{"line":25,"column":29}},"locations":[{"start":{"line":25,"column":12},"end":{"line":25,"column":29}}]},"30":{"type":"branch","line":26,"loc":{"start":{"line":26,"column":9},"end":{"line":34,"column":6}},"locations":[{"start":{"line":26,"column":9},"end":{"line":34,"column":6}}]},"31":{"type":"branch","line":29,"loc":{"start":{"line":29,"column":76},"end":{"line":29,"column":80}},"locations":[{"start":{"line":29,"column":76},"end":{"line":29,"column":80}}]},"32":{"type":"branch","line":30,"loc":{"start":{"line":30,"column":76},"end":{"line":30,"column":80}},"locations":[{"start":{"line":30,"column":76},"end":{"line":30,"column":80}}]},"33":{"type":"branch","line":32,"loc":{"start":{"line":32,"column":76},"end":{"line":32,"column":80}},"locations":[{"start":{"line":32,"column":76},"end":{"line":32,"column":80}}]},"34":{"type":"branch","line":37,"loc":{"start":{"line":37,"column":0},"end":{"line":134,"column":1}},"locations":[{"start":{"line":37,"column":0},"end":{"line":134,"column":1}}]},"35":{"type":"branch","line":41,"loc":{"start":{"line":41,"column":34},"end":{"line":41,"column":43}},"locations":[{"start":{"line":41,"column":34},"end":{"line":41,"column":43}}]},"36":{"type":"branch","line":41,"loc":{"start":{"line":41,"column":44},"end":{"line":41,"column":79}},"locations":[{"start":{"line":41,"column":44},"end":{"line":41,"column":79}}]},"37":{"type":"branch","line":44,"loc":{"start":{"line":44,"column":20},"end":{"line":44,"column":51}},"locations":[{"start":{"line":44,"column":20},"end":{"line":44,"column":51}}]},"38":{"type":"branch","line":45,"loc":{"start":{"line":45,"column":18},"end":{"line":45,"column":39}},"locations":[{"start":{"line":45,"column":18},"end":{"line":45,"column":39}}]},"39":{"type":"branch","line":45,"loc":{"start":{"line":45,"column":41},"end":{"line":45,"column":69}},"locations":[{"start":{"line":45,"column":41},"end":{"line":45,"column":69}}]},"40":{"type":"branch","line":46,"loc":{"start":{"line":46,"column":32},"end":{"line":46,"column":57}},"locations":[{"start":{"line":46,"column":32},"end":{"line":46,"column":57}}]},"41":{"type":"branch","line":46,"loc":{"start":{"line":46,"column":56},"end":{"line":47,"column":63}},"locations":[{"start":{"line":46,"column":56},"end":{"line":47,"column":63}}]},"42":{"type":"branch","line":47,"loc":{"start":{"line":47,"column":37},"end":{"line":47,"column":63}},"locations":[{"start":{"line":47,"column":37},"end":{"line":47,"column":63}}]},"43":{"type":"branch","line":50,"loc":{"start":{"line":50,"column":27},"end":{"line":50,"column":62}},"locations":[{"start":{"line":50,"column":27},"end":{"line":50,"column":62}}]},"44":{"type":"branch","line":50,"loc":{"start":{"line":50,"column":63},"end":{"line":50,"column":91}},"locations":[{"start":{"line":50,"column":63},"end":{"line":50,"column":91}}]},"45":{"type":"branch","line":50,"loc":{"start":{"line":50,"column":93},"end":{"line":61,"column":3}},"locations":[{"start":{"line":50,"column":93},"end":{"line":61,"column":3}}]},"46":{"type":"branch","line":64,"loc":{"start":{"line":64,"column":22},"end":{"line":64,"column":47}},"locations":[{"start":{"line":64,"column":22},"end":{"line":64,"column":47}}]},"47":{"type":"branch","line":64,"loc":{"start":{"line":64,"column":49},"end":{"line":67,"column":3}},"locations":[{"start":{"line":64,"column":49},"end":{"line":67,"column":3}}]},"48":{"type":"branch","line":66,"loc":{"start":{"line":66,"column":39},"end":{"line":66,"column":71}},"locations":[{"start":{"line":66,"column":39},"end":{"line":66,"column":71}}]},"49":{"type":"branch","line":73,"loc":{"start":{"line":73,"column":33},"end":{"line":78,"column":3}},"locations":[{"start":{"line":73,"column":33},"end":{"line":78,"column":3}}]},"50":{"type":"branch","line":80,"loc":{"start":{"line":80,"column":43},"end":{"line":80,"column":48}},"locations":[{"start":{"line":80,"column":43},"end":{"line":80,"column":48}}]},"51":{"type":"branch","line":84,"loc":{"start":{"line":84,"column":28},"end":{"line":84,"column":60}},"locations":[{"start":{"line":84,"column":28},"end":{"line":84,"column":60}}]},"52":{"type":"branch","line":84,"loc":{"start":{"line":84,"column":61},"end":{"line":84,"column":88}},"locations":[{"start":{"line":84,"column":61},"end":{"line":84,"column":88}}]},"53":{"type":"branch","line":84,"loc":{"start":{"line":84,"column":90},"end":{"line":97,"column":3}},"locations":[{"start":{"line":84,"column":90},"end":{"line":97,"column":3}}]},"54":{"type":"branch","line":100,"loc":{"start":{"line":100,"column":36},"end":{"line":100,"column":61}},"locations":[{"start":{"line":100,"column":36},"end":{"line":100,"column":61}}]},"55":{"type":"branch","line":101,"loc":{"start":{"line":101,"column":4},"end":{"line":101,"column":132}},"locations":[{"start":{"line":101,"column":4},"end":{"line":101,"column":132}}]},"56":{"type":"branch","line":103,"loc":{"start":{"line":103,"column":35},"end":{"line":103,"column":55}},"locations":[{"start":{"line":103,"column":35},"end":{"line":103,"column":55}}]},"57":{"type":"branch","line":104,"loc":{"start":{"line":104,"column":4},"end":{"line":104,"column":163}},"locations":[{"start":{"line":104,"column":4},"end":{"line":104,"column":163}}]},"58":{"type":"branch","line":107,"loc":{"start":{"line":107,"column":4},"end":{"line":107,"column":193}},"locations":[{"start":{"line":107,"column":4},"end":{"line":107,"column":193}}]},"59":{"type":"branch","line":110,"loc":{"start":{"line":110,"column":4},"end":{"line":110,"column":187}},"locations":[{"start":{"line":110,"column":4},"end":{"line":110,"column":187}}]},"60":{"type":"branch","line":113,"loc":{"start":{"line":113,"column":4},"end":{"line":113,"column":211}},"locations":[{"start":{"line":113,"column":4},"end":{"line":113,"column":211}}]},"61":{"type":"branch","line":115,"loc":{"start":{"line":115,"column":18},"end":{"line":115,"column":43}},"locations":[{"start":{"line":115,"column":18},"end":{"line":115,"column":43}}]},"62":{"type":"branch","line":118,"loc":{"start":{"line":118,"column":25},"end":{"line":122,"column":3}},"locations":[{"start":{"line":118,"column":25},"end":{"line":122,"column":3}}]},"63":{"type":"branch","line":124,"loc":{"start":{"line":124,"column":29},"end":{"line":126,"column":3}},"locations":[{"start":{"line":124,"column":29},"end":{"line":126,"column":3}}]},"64":{"type":"branch","line":126,"loc":{"start":{"line":126,"column":3},"end":{"line":129,"column":3}},"locations":[{"start":{"line":126,"column":3},"end":{"line":129,"column":3}}]},"65":{"type":"branch","line":126,"loc":{"start":{"line":126,"column":41},"end":{"line":126,"column":69}},"locations":[{"start":{"line":126,"column":41},"end":{"line":126,"column":69}}]},"66":{"type":"branch","line":126,"loc":{"start":{"line":126,"column":70},"end":{"line":126,"column":104}},"locations":[{"start":{"line":126,"column":70},"end":{"line":126,"column":104}}]},"67":{"type":"branch","line":126,"loc":{"start":{"line":126,"column":106},"end":{"line":126,"column":121}},"locations":[{"start":{"line":126,"column":106},"end":{"line":126,"column":121}}]},"68":{"type":"branch","line":126,"loc":{"start":{"line":126,"column":123},"end":{"line":129,"column":3}},"locations":[{"start":{"line":126,"column":123},"end":{"line":129,"column":3}}]},"69":{"type":"branch","line":131,"loc":{"start":{"line":131,"column":22},"end":{"line":131,"column":47}},"locations":[{"start":{"line":131,"column":22},"end":{"line":131,"column":47}}]},"70":{"type":"branch","line":65,"loc":{"start":{"line":65,"column":46},"end":{"line":65,"column":63}},"locations":[{"start":{"line":65,"column":46},"end":{"line":65,"column":63}}]},"71":{"type":"branch","line":80,"loc":{"start":{"line":80,"column":57},"end":{"line":80,"column":89}},"locations":[{"start":{"line":80,"column":57},"end":{"line":80,"column":89}}]},"72":{"type":"branch","line":86,"loc":{"start":{"line":86,"column":11},"end":{"line":86,"column":72}},"locations":[{"start":{"line":86,"column":11},"end":{"line":86,"column":72}}]},"73":{"type":"branch","line":128,"loc":{"start":{"line":128,"column":11},"end":{"line":128,"column":70}},"locations":[{"start":{"line":128,"column":11},"end":{"line":128,"column":70}}]},"74":{"type":"branch","line":136,"loc":{"start":{"line":136,"column":7},"end":{"line":155,"column":1}},"locations":[{"start":{"line":136,"column":7},"end":{"line":155,"column":1}}]},"75":{"type":"branch","line":141,"loc":{"start":{"line":141,"column":27},"end":{"line":141,"column":49}},"locations":[{"start":{"line":141,"column":27},"end":{"line":141,"column":49}}]},"76":{"type":"branch","line":141,"loc":{"start":{"line":141,"column":51},"end":{"line":141,"column":78}},"locations":[{"start":{"line":141,"column":51},"end":{"line":141,"column":78}}]},"77":{"type":"branch","line":148,"loc":{"start":{"line":148,"column":19},"end":{"line":153,"column":3}},"locations":[{"start":{"line":148,"column":19},"end":{"line":153,"column":3}}]},"78":{"type":"branch","line":147,"loc":{"start":{"line":147,"column":37},"end":{"line":147,"column":64}},"locations":[{"start":{"line":147,"column":37},"end":{"line":147,"column":64}}]},"79":{"type":"branch","line":147,"loc":{"start":{"line":147,"column":49},"end":{"line":147,"column":64}},"locations":[{"start":{"line":147,"column":49},"end":{"line":147,"column":64}}]},"80":{"type":"branch","line":149,"loc":{"start":{"line":149,"column":27},"end":{"line":152,"column":6}},"locations":[{"start":{"line":149,"column":27},"end":{"line":152,"column":6}}]}},"b":{"0":[35],"1":[1],"2":[34],"3":[1],"4":[33],"5":[1],"6":[32],"7":[1],"8":[31],"9":[0],"10":[31],"11":[29],"12":[4],"13":[27],"14":[2],"15":[25],"16":[1],"17":[24],"18":[1],"19":[23],"20":[1],"21":[22],"22":[1],"23":[21],"24":[0],"25":[21],"26":[41],"27":[38],"28":[3],"29":[3],"30":[2],"31":[0],"32":[0],"33":[0],"34":[41],"35":[6],"36":[35],"37":[0],"38":[0],"39":[0],"40":[1],"41":[40],"42":[1],"43":[35],"44":[0],"45":[0],"46":[11],"47":[5],"48":[2],"49":[1],"50":[37],"51":[6],"52":[2],"53":[2],"54":[0],"55":[0],"56":[0],"57":[0],"58":[0],"59":[0],"60":[2],"61":[6],"62":[1],"63":[6],"64":[35],"65":[33],"66":[31],"67":[6],"68":[3],"69":[0],"70":[7],"71":[3],"72":[3],"73":[6],"74":[42],"75":[41],"76":[1],"77":[1],"78":[3],"79":[2],"80":[1]},"fnMap":{"0":{"name":"itemTypeToFHIRType","decl":{"start":{"line":5,"column":0},"end":{"line":19,"column":1}},"loc":{"start":{"line":5,"column":0},"end":{"line":19,"column":1}},"line":5},"1":{"name":"buildConstraintExtensions","decl":{"start":{"line":22,"column":0},"end":{"line":35,"column":1}},"loc":{"start":{"line":22,"column":0},"end":{"line":35,"column":1}},"line":22},"2":{"name":"nodeToFHIRItem","decl":{"start":{"line":37,"column":0},"end":{"line":134,"column":1}},"loc":{"start":{"line":37,"column":0},"end":{"line":134,"column":1}},"line":37},"3":{"name":"buildFHIRObject","decl":{"start":{"line":136,"column":7},"end":{"line":155,"column":1}},"loc":{"start":{"line":136,"column":7},"end":{"line":155,"column":1}},"line":136},"4":{"name":"exportFHIR","decl":{"start":{"line":157,"column":7},"end":{"line":165,"column":1}},"loc":{"start":{"line":157,"column":7},"end":{"line":165,"column":1}},"line":157}},"f":{"0":35,"1":41,"2":41,"3":42,"4":0}}
,"D:\\Work\\Projects\\ItilityHealth\\QuestionaryPrototype\\js\\fhir\\import.js": {"path":"D:\\Work\\Projects\\ItilityHealth\\QuestionaryPrototype\\js\\fhir\\import.js","all":false,"statementMap":{"0":{"start":{"line":1,"column":0},"end":{"line":1,"column":81}},"1":{"start":{"line":2,"column":0},"end":{"line":2,"column":112}},"2":{"start":{"line":3,"column":0},"end":{"line":3,"column":50}},"3":{"start":{"line":4,"column":0},"end":{"line":4,"column":48}},"4":{"start":{"line":5,"column":0},"end":{"line":5,"column":0}},"5":{"start":{"line":6,"column":0},"end":{"line":6,"column":66}},"6":{"start":{"line":7,"column":0},"end":{"line":7,"column":36}},"7":{"start":{"line":8,"column":0},"end":{"line":8,"column":29}},"8":{"start":{"line":9,"column":0},"end":{"line":9,"column":79}},"9":{"start":{"line":10,"column":0},"end":{"line":10,"column":65}},"10":{"start":{"line":11,"column":0},"end":{"line":11,"column":3}},"11":{"start":{"line":12,"column":0},"end":{"line":12,"column":1}},"12":{"start":{"line":13,"column":0},"end":{"line":13,"column":0}},"13":{"start":{"line":14,"column":0},"end":{"line":14,"column":32}},"14":{"start":{"line":15,"column":0},"end":{"line":15,"column":32}},"15":{"start":{"line":16,"column":0},"end":{"line":16,"column":74}},"16":{"start":{"line":17,"column":0},"end":{"line":17,"column":79}},"17":{"start":{"line":18,"column":0},"end":{"line":18,"column":80}},"18":{"start":{"line":19,"column":0},"end":{"line":19,"column":74}},"19":{"start":{"line":20,"column":0},"end":{"line":20,"column":72}},"20":{"start":{"line":21,"column":0},"end":{"line":21,"column":77}},"21":{"start":{"line":22,"column":0},"end":{"line":22,"column":73}},"22":{"start":{"line":23,"column":0},"end":{"line":23,"column":70}},"23":{"start":{"line":24,"column":0},"end":{"line":24,"column":69}},"24":{"start":{"line":25,"column":0},"end":{"line":25,"column":76}},"25":{"start":{"line":26,"column":0},"end":{"line":26,"column":75}},"26":{"start":{"line":27,"column":0},"end":{"line":27,"column":32}},"27":{"start":{"line":28,"column":0},"end":{"line":28,"column":1}},"28":{"start":{"line":29,"column":0},"end":{"line":29,"column":0}},"29":{"start":{"line":30,"column":0},"end":{"line":30,"column":76}},"30":{"start":{"line":31,"column":0},"end":{"line":31,"column":30}},"31":{"start":{"line":32,"column":0},"end":{"line":32,"column":32}},"32":{"start":{"line":33,"column":0},"end":{"line":33,"column":24}},"33":{"start":{"line":34,"column":0},"end":{"line":34,"column":50}},"34":{"start":{"line":35,"column":0},"end":{"line":35,"column":50}},"35":{"start":{"line":36,"column":0},"end":{"line":36,"column":75}},"36":{"start":{"line":37,"column":0},"end":{"line":37,"column":29}},"37":{"start":{"line":38,"column":0},"end":{"line":38,"column":5}},"38":{"start":{"line":39,"column":0},"end":{"line":39,"column":89}},"39":{"start":{"line":40,"column":0},"end":{"line":40,"column":32}},"40":{"start":{"line":41,"column":0},"end":{"line":41,"column":1}},"41":{"start":{"line":42,"column":0},"end":{"line":42,"column":0}},"42":{"start":{"line":43,"column":0},"end":{"line":43,"column":62}},"43":{"start":{"line":44,"column":0},"end":{"line":44,"column":42}},"44":{"start":{"line":45,"column":0},"end":{"line":45,"column":35}},"45":{"start":{"line":46,"column":0},"end":{"line":46,"column":54}},"46":{"start":{"line":47,"column":0},"end":{"line":47,"column":35}},"47":{"start":{"line":48,"column":0},"end":{"line":48,"column":3}},"48":{"start":{"line":49,"column":0},"end":{"line":49,"column":13}},"49":{"start":{"line":50,"column":0},"end":{"line":50,"column":1}},"50":{"start":{"line":51,"column":0},"end":{"line":51,"column":0}},"51":{"start":{"line":52,"column":0},"end":{"line":52,"column":51}},"52":{"start":{"line":53,"column":0},"end":{"line":53,"column":65}},"53":{"start":{"line":54,"column":0},"end":{"line":54,"column":51}},"54":{"start":{"line":55,"column":0},"end":{"line":55,"column":61}},"55":{"start":{"line":56,"column":0},"end":{"line":56,"column":38}},"56":{"start":{"line":57,"column":0},"end":{"line":57,"column":71}},"57":{"start":{"line":58,"column":0},"end":{"line":58,"column":80}},"58":{"start":{"line":59,"column":0},"end":{"line":59,"column":12}},"59":{"start":{"line":60,"column":0},"end":{"line":60,"column":84}},"60":{"start":{"line":61,"column":0},"end":{"line":61,"column":90}},"61":{"start":{"line":62,"column":0},"end":{"line":62,"column":69}},"62":{"start":{"line":63,"column":0},"end":{"line":63,"column":69}},"63":{"start":{"line":64,"column":0},"end":{"line":64,"column":107}},"64":{"start":{"line":65,"column":0},"end":{"line":65,"column":19}},"65":{"start":{"line":66,"column":0},"end":{"line":66,"column":129}},"66":{"start":{"line":67,"column":0},"end":{"line":67,"column":62}},"67":{"start":{"line":68,"column":0},"end":{"line":68,"column":5}},"68":{"start":{"line":69,"column":0},"end":{"line":69,"column":28}},"69":{"start":{"line":70,"column":0},"end":{"line":70,"column":1}},"70":{"start":{"line":71,"column":0},"end":{"line":71,"column":0}},"71":{"start":{"line":72,"column":0},"end":{"line":72,"column":84}},"72":{"start":{"line":73,"column":0},"end":{"line":73,"column":53}},"73":{"start":{"line":74,"column":0},"end":{"line":74,"column":48}},"74":{"start":{"line":75,"column":0},"end":{"line":75,"column":58}},"75":{"start":{"line":76,"column":0},"end":{"line":76,"column":69}},"76":{"start":{"line":77,"column":0},"end":{"line":77,"column":76}},"77":{"start":{"line":78,"column":0},"end":{"line":78,"column":100}},"78":{"start":{"line":79,"column":0},"end":{"line":79,"column":3}},"79":{"start":{"line":80,"column":0},"end":{"line":80,"column":50}},"80":{"start":{"line":81,"column":0},"end":{"line":81,"column":49}},"81":{"start":{"line":82,"column":0},"end":{"line":82,"column":106}},"82":{"start":{"line":83,"column":0},"end":{"line":83,"column":4}},"83":{"start":{"line":84,"column":0},"end":{"line":84,"column":41}},"84":{"start":{"line":85,"column":0},"end":{"line":85,"column":72}},"85":{"start":{"line":86,"column":0},"end":{"line":86,"column":3}},"86":{"start":{"line":87,"column":0},"end":{"line":87,"column":1}},"87":{"start":{"line":88,"column":0},"end":{"line":88,"column":0}},"88":{"start":{"line":89,"column":0},"end":{"line":89,"column":64}},"89":{"start":{"line":90,"column":0},"end":{"line":90,"column":96}},"90":{"start":{"line":91,"column":0},"end":{"line":91,"column":43}},"91":{"start":{"line":92,"column":0},"end":{"line":92,"column":56}},"92":{"start":{"line":93,"column":0},"end":{"line":93,"column":85}},"93":{"start":{"line":94,"column":0},"end":{"line":94,"column":4}},"94":{"start":{"line":95,"column":0},"end":{"line":95,"column":40}},"95":{"start":{"line":96,"column":0},"end":{"line":96,"column":25}},"96":{"start":{"line":97,"column":0},"end":{"line":97,"column":45}},"97":{"start":{"line":98,"column":0},"end":{"line":98,"column":73}},"98":{"start":{"line":99,"column":0},"end":{"line":99,"column":84}},"99":{"start":{"line":100,"column":0},"end":{"line":100,"column":79}},"100":{"start":{"line":101,"column":0},"end":{"line":101,"column":85}},"101":{"start":{"line":102,"column":0},"end":{"line":102,"column":19}},"102":{"start":{"line":103,"column":0},"end":{"line":103,"column":73}},"103":{"start":{"line":104,"column":0},"end":{"line":104,"column":24}},"104":{"start":{"line":105,"column":0},"end":{"line":105,"column":5}},"105":{"start":{"line":106,"column":0},"end":{"line":106,"column":20}},"106":{"start":{"line":107,"column":0},"end":{"line":107,"column":1}},"107":{"start":{"line":108,"column":0},"end":{"line":108,"column":0}},"108":{"start":{"line":109,"column":0},"end":{"line":109,"column":48}},"109":{"start":{"line":110,"column":0},"end":{"line":110,"column":50}},"110":{"start":{"line":111,"column":0},"end":{"line":111,"column":68}},"111":{"start":{"line":112,"column":0},"end":{"line":112,"column":46}},"112":{"start":{"line":113,"column":0},"end":{"line":113,"column":80}},"113":{"start":{"line":114,"column":0},"end":{"line":114,"column":65}},"114":{"start":{"line":115,"column":0},"end":{"line":115,"column":0}},"115":{"start":{"line":116,"column":0},"end":{"line":116,"column":78}},"116":{"start":{"line":117,"column":0},"end":{"line":117,"column":70}},"117":{"start":{"line":118,"column":0},"end":{"line":118,"column":53}},"118":{"start":{"line":119,"column":0},"end":{"line":119,"column":88}},"119":{"start":{"line":120,"column":0},"end":{"line":120,"column":6}},"120":{"start":{"line":121,"column":0},"end":{"line":121,"column":71}},"121":{"start":{"line":122,"column":0},"end":{"line":122,"column":61}},"122":{"start":{"line":123,"column":0},"end":{"line":123,"column":3}},"123":{"start":{"line":124,"column":0},"end":{"line":124,"column":0}},"124":{"start":{"line":125,"column":0},"end":{"line":125,"column":54}},"125":{"start":{"line":126,"column":0},"end":{"line":126,"column":45}},"126":{"start":{"line":127,"column":0},"end":{"line":127,"column":35}},"127":{"start":{"line":128,"column":0},"end":{"line":128,"column":0}},"128":{"start":{"line":129,"column":0},"end":{"line":129,"column":61}},"129":{"start":{"line":130,"column":0},"end":{"line":130,"column":38}},"130":{"start":{"line":131,"column":0},"end":{"line":131,"column":54}},"131":{"start":{"line":132,"column":0},"end":{"line":132,"column":94}},"132":{"start":{"line":133,"column":0},"end":{"line":133,"column":6}},"133":{"start":{"line":134,"column":0},"end":{"line":134,"column":87}},"134":{"start":{"line":135,"column":0},"end":{"line":135,"column":3}},"135":{"start":{"line":136,"column":0},"end":{"line":136,"column":72}},"136":{"start":{"line":137,"column":0},"end":{"line":137,"column":37}},"137":{"start":{"line":138,"column":0},"end":{"line":138,"column":52}},"138":{"start":{"line":139,"column":0},"end":{"line":139,"column":81}},"139":{"start":{"line":140,"column":0},"end":{"line":140,"column":6}},"140":{"start":{"line":141,"column":0},"end":{"line":141,"column":81}},"141":{"start":{"line":142,"column":0},"end":{"line":142,"column":3}},"142":{"start":{"line":143,"column":0},"end":{"line":143,"column":0}},"143":{"start":{"line":144,"column":0},"end":{"line":144,"column":94}},"144":{"start":{"line":145,"column":0},"end":{"line":145,"column":51}},"145":{"start":{"line":146,"column":0},"end":{"line":146,"column":0}},"146":{"start":{"line":147,"column":0},"end":{"line":147,"column":29}},"147":{"start":{"line":148,"column":0},"end":{"line":148,"column":51}},"148":{"start":{"line":149,"column":0},"end":{"line":149,"column":106}},"149":{"start":{"line":150,"column":0},"end":{"line":150,"column":4}},"150":{"start":{"line":151,"column":0},"end":{"line":151,"column":34}},"151":{"start":{"line":152,"column":0},"end":{"line":152,"column":69}},"152":{"start":{"line":153,"column":0},"end":{"line":153,"column":3}},"153":{"start":{"line":154,"column":0},"end":{"line":154,"column":0}},"154":{"start":{"line":155,"column":0},"end":{"line":155,"column":26}},"155":{"start":{"line":156,"column":0},"end":{"line":156,"column":51}},"156":{"start":{"line":157,"column":0},"end":{"line":157,"column":103}},"157":{"start":{"line":158,"column":0},"end":{"line":158,"column":4}},"158":{"start":{"line":159,"column":0},"end":{"line":159,"column":34}},"159":{"start":{"line":160,"column":0},"end":{"line":160,"column":66}},"160":{"start":{"line":161,"column":0},"end":{"line":161,"column":3}},"161":{"start":{"line":162,"column":0},"end":{"line":162,"column":0}},"162":{"start":{"line":163,"column":0},"end":{"line":163,"column":39}},"163":{"start":{"line":164,"column":0},"end":{"line":164,"column":54}},"164":{"start":{"line":165,"column":0},"end":{"line":165,"column":73}},"165":{"start":{"line":166,"column":0},"end":{"line":166,"column":0}},"166":{"start":{"line":167,"column":0},"end":{"line":167,"column":36}},"167":{"start":{"line":168,"column":0},"end":{"line":168,"column":52}},"168":{"start":{"line":169,"column":0},"end":{"line":169,"column":37}},"169":{"start":{"line":170,"column":0},"end":{"line":170,"column":86}},"170":{"start":{"line":171,"column":0},"end":{"line":171,"column":94}},"171":{"start":{"line":172,"column":0},"end":{"line":172,"column":94}},"172":{"start":{"line":173,"column":0},"end":{"line":173,"column":83}},"173":{"start":{"line":174,"column":0},"end":{"line":174,"column":87}},"174":{"start":{"line":175,"column":0},"end":{"line":175,"column":83}},"175":{"start":{"line":176,"column":0},"end":{"line":176,"column":85}},"176":{"start":{"line":177,"column":0},"end":{"line":177,"column":82}},"177":{"start":{"line":178,"column":0},"end":{"line":178,"column":124}},"178":{"start":{"line":179,"column":0},"end":{"line":179,"column":147}},"179":{"start":{"line":180,"column":0},"end":{"line":180,"column":3}},"180":{"start":{"line":181,"column":0},"end":{"line":181,"column":14}},"181":{"start":{"line":182,"column":0},"end":{"line":182,"column":1}},"182":{"start":{"line":183,"column":0},"end":{"line":183,"column":0}},"183":{"start":{"line":184,"column":0},"end":{"line":184,"column":34}},"184":{"start":{"line":185,"column":0},"end":{"line":185,"column":46}},"185":{"start":{"line":186,"column":0},"end":{"line":186,"column":38}},"186":{"start":{"line":187,"column":0},"end":{"line":187,"column":0}},"187":{"start":{"line":188,"column":0},"end":{"line":188,"column":22}},"188":{"start":{"line":189,"column":0},"end":{"line":189,"column":72}},"189":{"start":{"line":190,"column":0},"end":{"line":190,"column":48}},"190":{"start":{"line":191,"column":0},"end":{"line":191,"column":82}},"191":{"start":{"line":192,"column":0},"end":{"line":192,"column":47}},"192":{"start":{"line":193,"column":0},"end":{"line":193,"column":56}},"193":{"start":{"line":194,"column":0},"end":{"line":194,"column":48}},"194":{"start":{"line":195,"column":0},"end":{"line":195,"column":96}},"195":{"start":{"line":196,"column":0},"end":{"line":196,"column":53}},"196":{"start":{"line":197,"column":0},"end":{"line":197,"column":56}},"197":{"start":{"line":198,"column":0},"end":{"line":198,"column":75}},"198":{"start":{"line":199,"column":0},"end":{"line":199,"column":46}},"199":{"start":{"line":200,"column":0},"end":{"line":200,"column":49}},"200":{"start":{"line":201,"column":0},"end":{"line":201,"column":35}},"201":{"start":{"line":202,"column":0},"end":{"line":202,"column":5}},"202":{"start":{"line":203,"column":0},"end":{"line":203,"column":16}},"203":{"start":{"line":204,"column":0},"end":{"line":204,"column":3}},"204":{"start":{"line":205,"column":0},"end":{"line":205,"column":0}},"205":{"start":{"line":206,"column":0},"end":{"line":206,"column":61}},"206":{"start":{"line":207,"column":0},"end":{"line":207,"column":41}},"207":{"start":{"line":208,"column":0},"end":{"line":208,"column":75}},"208":{"start":{"line":209,"column":0},"end":{"line":209,"column":65}},"209":{"start":{"line":210,"column":0},"end":{"line":210,"column":85}},"210":{"start":{"line":211,"column":0},"end":{"line":211,"column":50}},"211":{"start":{"line":212,"column":0},"end":{"line":212,"column":67}},"212":{"start":{"line":213,"column":0},"end":{"line":213,"column":40}},"213":{"start":{"line":214,"column":0},"end":{"line":214,"column":49}},"214":{"start":{"line":215,"column":0},"end":{"line":215,"column":38}},"215":{"start":{"line":216,"column":0},"end":{"line":216,"column":5}},"216":{"start":{"line":217,"column":0},"end":{"line":217,"column":19}},"217":{"start":{"line":218,"column":0},"end":{"line":218,"column":3}},"218":{"start":{"line":219,"column":0},"end":{"line":219,"column":0}},"219":{"start":{"line":220,"column":0},"end":{"line":220,"column":49}},"220":{"start":{"line":221,"column":0},"end":{"line":221,"column":1}},"221":{"start":{"line":222,"column":0},"end":{"line":222,"column":0}},"222":{"start":{"line":223,"column":0},"end":{"line":223,"column":28}},"223":{"start":{"line":224,"column":0},"end":{"line":224,"column":79}},"224":{"start":{"line":225,"column":0},"end":{"line":225,"column":0}},"225":{"start":{"line":226,"column":0},"end":{"line":226,"column":26}},"226":{"start":{"line":227,"column":0},"end":{"line":227,"column":48}},"227":{"start":{"line":228,"column":0},"end":{"line":228,"column":19}},"228":{"start":{"line":229,"column":0},"end":{"line":229,"column":30}},"229":{"start":{"line":230,"column":0},"end":{"line":230,"column":90}},"230":{"start":{"line":231,"column":0},"end":{"line":231,"column":3}},"231":{"start":{"line":232,"column":0},"end":{"line":232,"column":49}},"232":{"start":{"line":233,"column":0},"end":{"line":233,"column":87}},"233":{"start":{"line":234,"column":0},"end":{"line":234,"column":11}},"234":{"start":{"line":235,"column":0},"end":{"line":235,"column":3}},"235":{"start":{"line":236,"column":0},"end":{"line":236,"column":17}},"236":{"start":{"line":237,"column":0},"end":{"line":237,"column":53}},"237":{"start":{"line":238,"column":0},"end":{"line":238,"column":20}},"238":{"start":{"line":239,"column":0},"end":{"line":239,"column":13}},"239":{"start":{"line":240,"column":0},"end":{"line":240,"column":0}},"240":{"start":{"line":241,"column":0},"end":{"line":241,"column":43}},"241":{"start":{"line":242,"column":0},"end":{"line":242,"column":98}},"242":{"start":{"line":243,"column":0},"end":{"line":243,"column":27}},"243":{"start":{"line":244,"column":0},"end":{"line":244,"column":40}},"244":{"start":{"line":245,"column":0},"end":{"line":245,"column":57}},"245":{"start":{"line":246,"column":0},"end":{"line":246,"column":27}},"246":{"start":{"line":247,"column":0},"end":{"line":247,"column":57}},"247":{"start":{"line":248,"column":0},"end":{"line":248,"column":56}},"248":{"start":{"line":249,"column":0},"end":{"line":249,"column":9}},"249":{"start":{"line":250,"column":0},"end":{"line":250,"column":5}},"250":{"start":{"line":251,"column":0},"end":{"line":251,"column":3}},"251":{"start":{"line":252,"column":0},"end":{"line":252,"column":0}},"252":{"start":{"line":253,"column":0},"end":{"line":253,"column":27}},"253":{"start":{"line":254,"column":0},"end":{"line":254,"column":7}},"254":{"start":{"line":255,"column":0},"end":{"line":255,"column":45}},"255":{"start":{"line":256,"column":0},"end":{"line":256,"column":38}},"256":{"start":{"line":257,"column":0},"end":{"line":257,"column":48}},"257":{"start":{"line":258,"column":0},"end":{"line":258,"column":26}},"258":{"start":{"line":259,"column":0},"end":{"line":259,"column":5}},"259":{"start":{"line":260,"column":0},"end":{"line":260,"column":99}},"260":{"start":{"line":261,"column":0},"end":{"line":261,"column":13}},"261":{"start":{"line":262,"column":0},"end":{"line":262,"column":30}},"262":{"start":{"line":263,"column":0},"end":{"line":263,"column":3}},"263":{"start":{"line":264,"column":0},"end":{"line":264,"column":46}},"264":{"start":{"line":265,"column":0},"end":{"line":265,"column":1}}},"s":{"0":1,"1":1,"2":1,"3":1,"4":1,"5":1,"6":8,"7":8,"8":6,"9":6,"10":6,"11":8,"12":1,"13":1,"14":21,"15":21,"16":21,"17":21,"18":21,"19":21,"20":21,"21":21,"22":21,"23":21,"24":21,"25":21,"26":8,"27":8,"28":1,"29":1,"30":16,"31":16,"32":12,"33":8,"34":8,"35":8,"36":8,"37":8,"38":12,"39":16,"40":16,"41":1,"42":1,"43":13,"44":13,"45":6,"46":6,"47":6,"48":13,"49":13,"50":1,"51":1,"52":19,"53":19,"54":19,"55":19,"56":18,"57":18,"58":17,"59":18,"60":5,"61":3,"62":2,"63":1,"64":0,"65":18,"66":18,"67":19,"68":19,"69":19,"70":1,"71":1,"72":13,"73":13,"74":13,"75":5,"76":5,"77":5,"78":5,"79":13,"80":13,"81":13,"82":13,"83":13,"84":1,"85":1,"86":13,"87":1,"88":1,"89":1,"90":6,"91":6,"92":6,"93":6,"94":6,"95":0,"96":0,"97":0,"98":0,"99":0,"100":0,"101":0,"102":0,"103":0,"104":0,"105":0,"106":0,"107":1,"108":1,"109":5,"110":5,"111":5,"112":5,"113":5,"114":5,"115":5,"116":5,"117":0,"118":0,"119":0,"120":0,"121":0,"122":0,"123":5,"124":5,"125":5,"126":5,"127":5,"128":5,"129":5,"130":0,"131":0,"132":0,"133":0,"134":0,"135":5,"136":5,"137":0,"138":0,"139":0,"140":0,"141":0,"142":5,"143":5,"144":5,"145":5,"146":5,"147":5,"148":5,"149":5,"150":5,"151":0,"152":0,"153":5,"154":5,"155":5,"156":5,"157":5,"158":5,"159":0,"160":0,"161":5,"162":5,"163":5,"164":5,"165":5,"166":5,"167":5,"168":0,"169":0,"170":0,"171":0,"172":0,"173":0,"174":0,"175":0,"176":0,"177":0,"178":0,"179":0,"180":5,"181":5,"182":1,"183":1,"184":6,"185":6,"186":6,"187":6,"188":1,"189":1,"190":1,"191":1,"192":1,"193":1,"194":1,"195":1,"196":1,"197":1,"198":1,"199":1,"200":1,"201":1,"202":1,"203":1,"204":5,"205":5,"206":6,"207":0,"208":0,"209":0,"210":0,"211":0,"212":0,"213":0,"214":0,"215":0,"216":0,"217":0,"218":5,"219":5,"220":5,"221":1,"222":1,"223":1,"224":1,"225":1,"226":1,"227":9,"228":9,"229":2,"230":2,"231":9,"232":1,"233":1,"234":1,"235":7,"236":7,"237":7,"238":7,"239":7,"240":7,"241":7,"242":7,"243":9,"244":1,"245":1,"246":1,"247":1,"248":1,"249":1,"250":1,"251":7,"252":7,"253":7,"254":7,"255":9,"256":5,"257":5,"258":5,"259":7,"260":7,"261":7,"262":7,"263":9,"264":9},"branchMap":{"0":{"type":"branch","line":7,"loc":{"start":{"line":7,"column":0},"end":{"line":12,"column":1}},"locations":[{"start":{"line":7,"column":0},"end":{"line":12,"column":1}}]},"1":{"type":"branch","line":8,"loc":{"start":{"line":8,"column":28},"end":{"line":11,"column":3}},"locations":[{"start":{"line":8,"column":28},"end":{"line":11,"column":3}}]},"2":{"type":"branch","line":9,"loc":{"start":{"line":9,"column":42},"end":{"line":9,"column":79}},"locations":[{"start":{"line":9,"column":42},"end":{"line":9,"column":79}}]},"3":{"type":"branch","line":10,"loc":{"start":{"line":10,"column":31},"end":{"line":10,"column":65}},"locations":[{"start":{"line":10,"column":31},"end":{"line":10,"column":65}}]},"4":{"type":"branch","line":15,"loc":{"start":{"line":15,"column":0},"end":{"line":28,"column":1}},"locations":[{"start":{"line":15,"column":0},"end":{"line":28,"column":1}}]},"5":{"type":"branch","line":16,"loc":{"start":{"line":16,"column":56},"end":{"line":16,"column":74}},"locations":[{"start":{"line":16,"column":56},"end":{"line":16,"column":74}}]},"6":{"type":"branch","line":17,"loc":{"start":{"line":17,"column":-2},"end":{"line":17,"column":62}},"locations":[{"start":{"line":17,"column":-2},"end":{"line":17,"column":62}}]},"7":{"type":"branch","line":17,"loc":{"start":{"line":17,"column":62},"end":{"line":17,"column":79}},"locations":[{"start":{"line":17,"column":62},"end":{"line":17,"column":79}}]},"8":{"type":"branch","line":18,"loc":{"start":{"line":18,"column":-2},"end":{"line":18,"column":63}},"locations":[{"start":{"line":18,"column":-2},"end":{"line":18,"column":63}}]},"9":{"type":"branch","line":18,"loc":{"start":{"line":18,"column":63},"end":{"line":18,"column":80}},"locations":[{"start":{"line":18,"column":63},"end":{"line":18,"column":80}}]},"10":{"type":"branch","line":19,"loc":{"start":{"line":19,"column":-2},"end":{"line":19,"column":56}},"locations":[{"start":{"line":19,"column":-2},"end":{"line":19,"column":56}}]},"11":{"type":"branch","line":19,"loc":{"start":{"line":19,"column":56},"end":{"line":19,"column":74}},"locations":[{"start":{"line":19,"column":56},"end":{"line":19,"column":74}}]},"12":{"type":"branch","line":20,"loc":{"start":{"line":20,"column":-2},"end":{"line":20,"column":56}},"locations":[{"start":{"line":20,"column":-2},"end":{"line":20,"column":56}}]},"13":{"type":"branch","line":20,"loc":{"start":{"line":20,"column":56},"end":{"line":20,"column":72}},"locations":[{"start":{"line":20,"column":56},"end":{"line":20,"column":72}}]},"14":{"type":"branch","line":21,"loc":{"start":{"line":21,"column":-2},"end":{"line":21,"column":56}},"locations":[{"start":{"line":21,"column":-2},"end":{"line":21,"column":56}}]},"15":{"type":"branch","line":21,"loc":{"start":{"line":21,"column":56},"end":{"line":21,"column":77}},"locations":[{"start":{"line":21,"column":56},"end":{"line":21,"column":77}}]},"16":{"type":"branch","line":22,"loc":{"start":{"line":22,"column":-2},"end":{"line":22,"column":56}},"locations":[{"start":{"line":22,"column":-2},"end":{"line":22,"column":56}}]},"17":{"type":"branch","line":22,"loc":{"start":{"line":22,"column":56},"end":{"line":22,"column":73}},"locations":[{"start":{"line":22,"column":56},"end":{"line":22,"column":73}}]},"18":{"type":"branch","line":23,"loc":{"start":{"line":23,"column":-2},"end":{"line":23,"column":19}},"locations":[{"start":{"line":23,"column":-2},"end":{"line":23,"column":19}}]},"19":{"type":"branch","line":23,"loc":{"start":{"line":23,"column":19},"end":{"line":23,"column":38}},"locations":[{"start":{"line":23,"column":19},"end":{"line":23,"column":38}}]},"20":{"type":"branch","line":23,"loc":{"start":{"line":23,"column":39},"end":{"line":23,"column":54}},"locations":[{"start":{"line":23,"column":39},"end":{"line":23,"column":54}}]},"21":{"type":"branch","line":23,"loc":{"start":{"line":23,"column":56},"end":{"line":23,"column":70}},"locations":[{"start":{"line":23,"column":56},"end":{"line":23,"column":70}}]},"22":{"type":"branch","line":24,"loc":{"start":{"line":24,"column":-2},"end":{"line":24,"column":56}},"locations":[{"start":{"line":24,"column":-2},"end":{"line":24,"column":56}}]},"23":{"type":"branch","line":24,"loc":{"start":{"line":24,"column":56},"end":{"line":24,"column":69}},"locations":[{"start":{"line":24,"column":56},"end":{"line":24,"column":69}}]},"24":{"type":"branch","line":25,"loc":{"start":{"line":25,"column":-2},"end":{"line":25,"column":56}},"locations":[{"start":{"line":25,"column":-2},"end":{"line":25,"column":56}}]},"25":{"type":"branch","line":25,"loc":{"start":{"line":25,"column":56},"end":{"line":25,"column":76}},"locations":[{"start":{"line":25,"column":56},"end":{"line":25,"column":76}}]},"26":{"type":"branch","line":26,"loc":{"start":{"line":26,"column":-2},"end":{"line":26,"column":56}},"locations":[{"start":{"line":26,"column":-2},"end":{"line":26,"column":56}}]},"27":{"type":"branch","line":26,"loc":{"start":{"line":26,"column":56},"end":{"line":26,"column":75}},"locations":[{"start":{"line":26,"column":56},"end":{"line":26,"column":75}}]},"28":{"type":"branch","line":27,"loc":{"start":{"line":27,"column":-2},"end":{"line":28,"column":1}},"locations":[{"start":{"line":27,"column":-2},"end":{"line":28,"column":1}}]},"29":{"type":"branch","line":31,"loc":{"start":{"line":31,"column":0},"end":{"line":41,"column":1}},"locations":[{"start":{"line":31,"column":0},"end":{"line":41,"column":1}}]},"30":{"type":"branch","line":32,"loc":{"start":{"line":32,"column":15},"end":{"line":32,"column":20}},"locations":[{"start":{"line":32,"column":15},"end":{"line":32,"column":20}}]},"31":{"type":"branch","line":32,"loc":{"start":{"line":32,"column":26},"end":{"line":40,"column":3}},"locations":[{"start":{"line":32,"column":26},"end":{"line":40,"column":3}}]},"32":{"type":"branch","line":33,"loc":{"start":{"line":33,"column":23},"end":{"line":38,"column":5}},"locations":[{"start":{"line":33,"column":23},"end":{"line":38,"column":5}}]},"33":{"type":"branch","line":34,"loc":{"start":{"line":34,"column":44},"end":{"line":34,"column":49}},"locations":[{"start":{"line":34,"column":44},"end":{"line":34,"column":49}}]},"34":{"type":"branch","line":35,"loc":{"start":{"line":35,"column":44},"end":{"line":35,"column":49}},"locations":[{"start":{"line":35,"column":44},"end":{"line":35,"column":49}}]},"35":{"type":"branch","line":36,"loc":{"start":{"line":36,"column":15},"end":{"line":36,"column":25}},"locations":[{"start":{"line":36,"column":15},"end":{"line":36,"column":25}}]},"36":{"type":"branch","line":36,"loc":{"start":{"line":36,"column":26},"end":{"line":36,"column":45}},"locations":[{"start":{"line":36,"column":26},"end":{"line":36,"column":45}}]},"37":{"type":"branch","line":36,"loc":{"start":{"line":36,"column":47},"end":{"line":36,"column":75}},"locations":[{"start":{"line":36,"column":47},"end":{"line":36,"column":75}}]},"38":{"type":"branch","line":37,"loc":{"start":{"line":37,"column":-2},"end":{"line":37,"column":21}},"locations":[{"start":{"line":37,"column":-2},"end":{"line":37,"column":21}}]},"39":{"type":"branch","line":37,"loc":{"start":{"line":37,"column":21},"end":{"line":37,"column":28}},"locations":[{"start":{"line":37,"column":21},"end":{"line":37,"column":28}}]},"40":{"type":"branch","line":39,"loc":{"start":{"line":39,"column":-2},"end":{"line":39,"column":25}},"locations":[{"start":{"line":39,"column":-2},"end":{"line":39,"column":25}}]},"41":{"type":"branch","line":39,"loc":{"start":{"line":39,"column":25},"end":{"line":39,"column":88}},"locations":[{"start":{"line":39,"column":25},"end":{"line":39,"column":88}}]},"42":{"type":"branch","line":39,"loc":{"start":{"line":39,"column":83},"end":{"line":39,"column":87}},"locations":[{"start":{"line":39,"column":83},"end":{"line":39,"column":87}}]},"43":{"type":"branch","line":44,"loc":{"start":{"line":44,"column":0},"end":{"line":50,"column":1}},"locations":[{"start":{"line":44,"column":0},"end":{"line":50,"column":1}}]},"44":{"type":"branch","line":45,"loc":{"start":{"line":45,"column":27},"end":{"line":45,"column":32}},"locations":[{"start":{"line":45,"column":27},"end":{"line":45,"column":32}}]},"45":{"type":"branch","line":45,"loc":{"start":{"line":45,"column":34},"end":{"line":48,"column":3}},"locations":[{"start":{"line":45,"column":34},"end":{"line":48,"column":3}}]},"46":{"type":"branch","line":46,"loc":{"start":{"line":46,"column":33},"end":{"line":46,"column":47}},"locations":[{"start":{"line":46,"column":33},"end":{"line":46,"column":47}}]},"47":{"type":"branch","line":46,"loc":{"start":{"line":46,"column":48},"end":{"line":46,"column":53}},"locations":[{"start":{"line":46,"column":48},"end":{"line":46,"column":53}}]},"48":{"type":"branch","line":53,"loc":{"start":{"line":53,"column":0},"end":{"line":70,"column":1}},"locations":[{"start":{"line":53,"column":0},"end":{"line":70,"column":1}}]},"49":{"type":"branch","line":54,"loc":{"start":{"line":54,"column":18},"end":{"line":54,"column":39}},"locations":[{"start":{"line":54,"column":18},"end":{"line":54,"column":39}}]},"50":{"type":"branch","line":54,"loc":{"start":{"line":54,"column":41},"end":{"line":54,"column":51}},"locations":[{"start":{"line":54,"column":41},"end":{"line":54,"column":51}}]},"51":{"type":"branch","line":55,"loc":{"start":{"line":55,"column":-2},"end":{"line":55,"column":42}},"locations":[{"start":{"line":55,"column":-2},"end":{"line":55,"column":42}}]},"52":{"type":"branch","line":55,"loc":{"start":{"line":55,"column":42},"end":{"line":55,"column":50}},"locations":[{"start":{"line":55,"column":42},"end":{"line":55,"column":50}}]},"53":{"type":"branch","line":55,"loc":{"start":{"line":55,"column":51},"end":{"line":55,"column":60}},"locations":[{"start":{"line":55,"column":51},"end":{"line":55,"column":60}}]},"54":{"type":"branch","line":56,"loc":{"start":{"line":56,"column":31},"end":{"line":68,"column":3}},"locations":[{"start":{"line":56,"column":31},"end":{"line":68,"column":3}}]},"55":{"type":"branch","line":57,"loc":{"start":{"line":57,"column":56},"end":{"line":57,"column":70}},"locations":[{"start":{"line":57,"column":56},"end":{"line":57,"column":70}}]},"56":{"type":"branch","line":58,"loc":{"start":{"line":58,"column":34},"end":{"line":58,"column":80}},"locations":[{"start":{"line":58,"column":34},"end":{"line":58,"column":80}}]},"57":{"type":"branch","line":59,"loc":{"start":{"line":59,"column":-2},"end":{"line":60,"column":46}},"locations":[{"start":{"line":59,"column":-2},"end":{"line":60,"column":46}}]},"58":{"type":"branch","line":60,"loc":{"start":{"line":60,"column":46},"end":{"line":60,"column":84}},"locations":[{"start":{"line":60,"column":46},"end":{"line":60,"column":84}}]},"59":{"type":"branch","line":60,"loc":{"start":{"line":60,"column":69},"end":{"line":60,"column":76}},"locations":[{"start":{"line":60,"column":69},"end":{"line":60,"column":76}}]},"60":{"type":"branch","line":60,"loc":{"start":{"line":60,"column":77},"end":{"line":60,"column":83}},"locations":[{"start":{"line":60,"column":77},"end":{"line":60,"column":83}}]},"61":{"type":"branch","line":61,"loc":{"start":{"line":61,"column":-2},"end":{"line":65,"column":19}},"locations":[{"start":{"line":61,"column":-2},"end":{"line":65,"column":19}}]},"62":{"type":"branch","line":61,"loc":{"start":{"line":61,"column":46},"end":{"line":61,"column":90}},"locations":[{"start":{"line":61,"column":46},"end":{"line":61,"column":90}}]},"63":{"type":"branch","line":62,"loc":{"start":{"line":62,"column":-2},"end":{"line":65,"column":19}},"locations":[{"start":{"line":62,"column":-2},"end":{"line":65,"column":19}}]},"64":{"type":"branch","line":62,"loc":{"start":{"line":62,"column":46},"end":{"line":62,"column":69}},"locations":[{"start":{"line":62,"column":46},"end":{"line":62,"column":69}}]},"65":{"type":"branch","line":63,"loc":{"start":{"line":63,"column":-2},"end":{"line":65,"column":19}},"locations":[{"start":{"line":63,"column":-2},"end":{"line":65,"column":19}}]},"66":{"type":"branch","line":63,"loc":{"start":{"line":63,"column":46},"end":{"line":65,"column":19}},"locations":[{"start":{"line":63,"column":46},"end":{"line":65,"column":19}}]},"67":{"type":"branch","line":64,"loc":{"start":{"line":64,"column":76},"end":{"line":64,"column":99}},"locations":[{"start":{"line":64,"column":76},"end":{"line":64,"column":99}}]},"68":{"type":"branch","line":64,"loc":{"start":{"line":64,"column":100},"end":{"line":64,"column":106}},"locations":[{"start":{"line":64,"column":100},"end":{"line":64,"column":106}}]},"69":{"type":"branch","line":65,"loc":{"start":{"line":65,"column":-2},"end":{"line":65
[...]
mn":83}},"13":{"start":{"line":14,"column":0},"end":{"line":14,"column":79}},"14":{"start":{"line":15,"column":0},"end":{"line":15,"column":59}},"15":{"start":{"line":16,"column":0},"end":{"line":16,"column":77}},"16":{"start":{"line":17,"column":0},"end":{"line":17,"column":82}},"17":{"start":{"line":18,"column":0},"end":{"line":18,"column":83}},"18":{"start":{"line":19,"column":0},"end":{"line":19,"column":77}},"19":{"start":{"line":20,"column":0},"end":{"line":20,"column":69}},"20":{"start":{"line":21,"column":0},"end":{"line":21,"column":71}},"21":{"start":{"line":22,"column":0},"end":{"line":22,"column":78}},"22":{"start":{"line":23,"column":0},"end":{"line":23,"column":76}},"23":{"start":{"line":24,"column":0},"end":{"line":24,"column":66}},"24":{"start":{"line":25,"column":0},"end":{"line":25,"column":65}},"25":{"start":{"line":26,"column":0},"end":{"line":26,"column":80}},"26":{"start":{"line":27,"column":0},"end":{"line":27,"column":72}},"27":{"start":{"line":28,"column":0},"end":{"line":28,"column":84}},"28":{"start":{"line":29,"column":0},"end":{"line":29,"column":74}},"29":{"start":{"line":30,"column":0},"end":{"line":30,"column":78}},"30":{"start":{"line":31,"column":0},"end":{"line":31,"column":73}},"31":{"start":{"line":32,"column":0},"end":{"line":32,"column":82}},"32":{"start":{"line":33,"column":0},"end":{"line":33,"column":80}},"33":{"start":{"line":34,"column":0},"end":{"line":34,"column":77}},"34":{"start":{"line":35,"column":0},"end":{"line":35,"column":72}},"35":{"start":{"line":36,"column":0},"end":{"line":36,"column":43}},"36":{"start":{"line":37,"column":0},"end":{"line":37,"column":3}},"37":{"start":{"line":38,"column":0},"end":{"line":38,"column":0}},"38":{"start":{"line":39,"column":0},"end":{"line":39,"column":41}},"39":{"start":{"line":40,"column":0},"end":{"line":40,"column":26}},"40":{"start":{"line":41,"column":0},"end":{"line":41,"column":16}},"41":{"start":{"line":42,"column":0},"end":{"line":42,"column":73}},"42":{"start":{"line":43,"column":0},"end":{"line":43,"column":3}},"43":{"start":{"line":44,"column":0},"end":{"line":44,"column":13}},"44":{"start":{"line":45,"column":0},"end":{"line":45,"column":1}},"45":{"start":{"line":46,"column":0},"end":{"line":46,"column":0}},"46":{"start":{"line":47,"column":0},"end":{"line":47,"column":74}},"47":{"start":{"line":48,"column":0},"end":{"line":48,"column":93}},"48":{"start":{"line":49,"column":0},"end":{"line":49,"column":31}},"49":{"start":{"line":50,"column":0},"end":{"line":50,"column":41}},"50":{"start":{"line":51,"column":0},"end":{"line":51,"column":29}},"51":{"start":{"line":52,"column":0},"end":{"line":52,"column":59}},"52":{"start":{"line":53,"column":0},"end":{"line":53,"column":7}},"53":{"start":{"line":54,"column":0},"end":{"line":54,"column":21}},"54":{"start":{"line":55,"column":0},"end":{"line":55,"column":16}},"55":{"start":{"line":56,"column":0},"end":{"line":56,"column":15}},"56":{"start":{"line":57,"column":0},"end":{"line":57,"column":21}},"57":{"start":{"line":58,"column":0},"end":{"line":58,"column":3}},"58":{"start":{"line":59,"column":0},"end":{"line":59,"column":1}},"59":{"start":{"line":60,"column":0},"end":{"line":60,"column":0}},"60":{"start":{"line":61,"column":0},"end":{"line":61,"column":49}},"61":{"start":{"line":62,"column":0},"end":{"line":62,"column":20}},"62":{"start":{"line":63,"column":0},"end":{"line":63,"column":37}},"63":{"start":{"line":64,"column":0},"end":{"line":64,"column":36}},"64":{"start":{"line":65,"column":0},"end":{"line":65,"column":0}},"65":{"start":{"line":66,"column":0},"end":{"line":66,"column":30}},"66":{"start":{"line":67,"column":0},"end":{"line":67,"column":21}},"67":{"start":{"line":68,"column":0},"end":{"line":68,"column":64}},"68":{"start":{"line":69,"column":0},"end":{"line":69,"column":75}},"69":{"start":{"line":70,"column":0},"end":{"line":70,"column":0}},"70":{"start":{"line":71,"column":0},"end":{"line":71,"column":27}},"71":{"start":{"line":72,"column":0},"end":{"line":72,"column":23}},"72":{"start":{"line":73,"column":0},"end":{"line":73,"column":0}},"73":{"start":{"line":74,"column":0},"end":{"line":74,"column":81}},"74":{"start":{"line":75,"column":0},"end":{"line":75,"column":28}},"75":{"start":{"line":76,"column":0},"end":{"line":76,"column":130}},"76":{"start":{"line":77,"column":0},"end":{"line":77,"column":32}},"77":{"start":{"line":78,"column":0},"end":{"line":78,"column":139}},"78":{"start":{"line":79,"column":0},"end":{"line":79,"column":5}},"79":{"start":{"line":80,"column":0},"end":{"line":80,"column":0}},"80":{"start":{"line":81,"column":0},"end":{"line":81,"column":33}},"81":{"start":{"line":82,"column":0},"end":{"line":82,"column":61}},"82":{"start":{"line":83,"column":0},"end":{"line":83,"column":124}},"83":{"start":{"line":84,"column":0},"end":{"line":84,"column":0}},"84":{"start":{"line":85,"column":0},"end":{"line":85,"column":68}},"85":{"start":{"line":86,"column":0},"end":{"line":86,"column":127}},"86":{"start":{"line":87,"column":0},"end":{"line":87,"column":0}},"87":{"start":{"line":88,"column":0},"end":{"line":88,"column":41}},"88":{"start":{"line":89,"column":0},"end":{"line":89,"column":41}},"89":{"start":{"line":90,"column":0},"end":{"line":90,"column":59}},"90":{"start":{"line":91,"column":0},"end":{"line":91,"column":160}},"91":{"start":{"line":92,"column":0},"end":{"line":92,"column":9}},"92":{"start":{"line":93,"column":0},"end":{"line":93,"column":7}},"93":{"start":{"line":94,"column":0},"end":{"line":94,"column":5}},"94":{"start":{"line":95,"column":0},"end":{"line":95,"column":0}},"95":{"start":{"line":96,"column":0},"end":{"line":96,"column":41}},"96":{"start":{"line":97,"column":0},"end":{"line":97,"column":40}},"97":{"start":{"line":98,"column":0},"end":{"line":98,"column":54}},"98":{"start":{"line":99,"column":0},"end":{"line":99,"column":38}},"99":{"start":{"line":100,"column":0},"end":{"line":100,"column":156}},"100":{"start":{"line":101,"column":0},"end":{"line":101,"column":50}},"101":{"start":{"line":102,"column":0},"end":{"line":102,"column":63}},"102":{"start":{"line":103,"column":0},"end":{"line":103,"column":9}},"103":{"start":{"line":104,"column":0},"end":{"line":104,"column":42}},"104":{"start":{"line":105,"column":0},"end":{"line":105,"column":155}},"105":{"start":{"line":106,"column":0},"end":{"line":106,"column":9}},"106":{"start":{"line":107,"column":0},"end":{"line":107,"column":50}},"107":{"start":{"line":108,"column":0},"end":{"line":108,"column":113}},"108":{"start":{"line":109,"column":0},"end":{"line":109,"column":52}},"109":{"start":{"line":110,"column":0},"end":{"line":110,"column":135}},"110":{"start":{"line":111,"column":0},"end":{"line":111,"column":9}},"111":{"start":{"line":112,"column":0},"end":{"line":112,"column":7}},"112":{"start":{"line":113,"column":0},"end":{"line":113,"column":5}},"113":{"start":{"line":114,"column":0},"end":{"line":114,"column":0}},"114":{"start":{"line":115,"column":0},"end":{"line":115,"column":81}},"115":{"start":{"line":116,"column":0},"end":{"line":116,"column":44}},"116":{"start":{"line":117,"column":0},"end":{"line":117,"column":143}},"117":{"start":{"line":118,"column":0},"end":{"line":118,"column":5}},"118":{"start":{"line":119,"column":0},"end":{"line":119,"column":0}},"119":{"start":{"line":120,"column":0},"end":{"line":120,"column":31}},"120":{"start":{"line":121,"column":0},"end":{"line":121,"column":103}},"121":{"start":{"line":122,"column":0},"end":{"line":122,"column":50}},"122":{"start":{"line":123,"column":0},"end":{"line":123,"column":162}},"123":{"start":{"line":124,"column":0},"end":{"line":124,"column":5}},"124":{"start":{"line":125,"column":0},"end":{"line":125,"column":0}},"125":{"start":{"line":126,"column":0},"end":{"line":126,"column":60}},"126":{"start":{"line":127,"column":0},"end":{"line":127,"column":64}},"127":{"start":{"line":128,"column":0},"end":{"line":128,"column":70}},"128":{"start":{"line":129,"column":0},"end":{"line":129,"column":169}},"129":{"start":{"line":130,"column":0},"end":{"line":130,"column":73}},"130":{"start":{"line":131,"column":0},"end":{"line":131,"column":153}},"131":{"start":{"line":132,"column":0},"end":{"line":132,"column":7}},"132":{"start":{"line":133,"column":0},"end":{"line":133,"column":5}},"133":{"start":{"line":134,"column":0},"end":{"line":134,"column":0}},"134":{"start":{"line":135,"column":0},"end":{"line":135,"column":3}},"135":{"start":{"line":136,"column":0},"end":{"line":136,"column":0}},"136":{"start":{"line":137,"column":0},"end":{"line":137,"column":16}},"137":{"start":{"line":138,"column":0},"end":{"line":138,"column":1}}},"s":{"0":1,"1":1,"2":1,"3":1,"4":1,"5":1,"6":1,"7":1,"8":1,"9":1,"10":1,"11":1,"12":1,"13":1,"14":1,"15":1,"16":1,"17":1,"18":1,"19":1,"20":1,"21":1,"22":1,"23":1,"24":1,"25":1,"26":1,"27":1,"28":1,"29":1,"30":1,"31":1,"32":1,"33":1,"34":1,"35":1,"36":1,"37":1,"38":28,"39":28,"40":30,"41":30,"42":30,"43":28,"44":28,"45":1,"46":1,"47":1,"48":65,"49":65,"50":8,"51":65,"52":8,"53":8,"54":8,"55":65,"56":3,"57":3,"58":65,"59":1,"60":1,"61":27,"62":27,"63":27,"64":27,"65":27,"66":27,"67":27,"68":27,"69":27,"70":27,"71":30,"72":30,"73":30,"74":30,"75":2,"76":30,"77":2,"78":2,"79":30,"80":30,"81":30,"82":30,"83":30,"84":30,"85":30,"86":30,"87":30,"88":2,"89":2,"90":1,"91":1,"92":2,"93":2,"94":30,"95":30,"96":5,"97":5,"98":5,"99":1,"100":5,"101":0,"102":0,"103":5,"104":1,"105":1,"106":5,"107":5,"108":5,"109":1,"110":1,"111":5,"112":5,"113":30,"114":30,"115":30,"116":2,"117":2,"118":30,"119":30,"120":30,"121":30,"122":2,"123":2,"124":30,"125":30,"126":30,"127":3,"128":1,"129":3,"130":1,"131":1,"132":3,"133":30,"134":30,"135":27,"136":27,"137":27},"branchMap":{"0":{"type":"branch","line":39,"loc":{"start":{"line":39,"column":0},"end":{"line":45,"column":1}},"locations":[{"start":{"line":39,"column":0},"end":{"line":45,"column":1}}]},"1":{"type":"branch","line":40,"loc":{"start":{"line":40,"column":25},"end":{"line":43,"column":3}},"locations":[{"start":{"line":40,"column":25},"end":{"line":43,"column":3}}]},"2":{"type":"branch","line":42,"loc":{"start":{"line":42,"column":27},"end":{"line":42,"column":40}},"locations":[{"start":{"line":42,"column":27},"end":{"line":42,"column":40}}]},"3":{"type":"branch","line":42,"loc":{"start":{"line":42,"column":42},"end":{"line":42,"column":73}},"locations":[{"start":{"line":42,"column":42},"end":{"line":42,"column":73}}]},"4":{"type":"branch","line":49,"loc":{"start":{"line":49,"column":0},"end":{"line":59,"column":1}},"locations":[{"start":{"line":49,"column":0},"end":{"line":59,"column":1}}]},"5":{"type":"branch","line":50,"loc":{"start":{"line":50,"column":12},"end":{"line":50,"column":27}},"locations":[{"start":{"line":50,"column":12},"end":{"line":50,"column":27}}]},"6":{"type":"branch","line":50,"loc":{"start":{"line":50,"column":29},"end":{"line":50,"column":41}},"locations":[{"start":{"line":50,"column":29},"end":{"line":50,"column":41}}]},"7":{"type":"branch","line":51,"loc":{"start":{"line":51,"column":-2},"end":{"line":52,"column":45}},"locations":[{"start":{"line":51,"column":-2},"end":{"line":52,"column":45}}]},"8":{"type":"branch","line":52,"loc":{"start":{"line":52,"column":47},"end":{"line":52,"column":59}},"locations":[{"start":{"line":52,"column":47},"end":{"line":52,"column":59}}]},"9":{"type":"branch","line":53,"loc":{"start":{"line":53,"column":-2},"end":{"line":56,"column":4}},"locations":[{"start":{"line":53,"column":-2},"end":{"line":56,"column":4}}]},"10":{"type":"branch","line":56,"loc":{"start":{"line":56,"column":4},"end":{"line":58,"column":3}},"locations":[{"start":{"line":56,"column":4},"end":{"line":58,"column":3}}]},"11":{"type":"branch","line":61,"loc":{"start":{"line":61,"column":7},"end":{"line":138,"column":1}},"locations":[{"start":{"line":61,"column":7},"end":{"line":138,"column":1}}]},"12":{"type":"branch","line":68,"loc":{"start":{"line":68,"column":27},"end":{"line":68,"column":64}},"locations":[{"start":{"line":68,"column":27},"end":{"line":68,"column":64}}]},"13":{"type":"branch","line":68,"loc":{"start":{"line":68,"column":54},"end":{"line":68,"column":58}},"locations":[{"start":{"line":68,"column":54},"end":{"line":68,"column":58}}]},"14":{"type":"branch","line":71,"loc":{"start":{"line":71,"column":26},"end":{"line":135,"column":3}},"locations":[{"start":{"line":71,"column":26},"end":{"line":135,"column":3}}]},"15":{"type":"branch","line":75,"loc":{"start":{"line":75,"column":12},"end":{"line":75,"column":25}},"locations":[{"start":{"line":75,"column":12},"end":{"line":75,"column":25}}]},"16":{"type":"branch","line":75,"loc":{"start":{"line":75,"column":27},"end":{"line":77,"column":5}},"locations":[{"start":{"line":75,"column":27},"end":{"line":77,"column":5}}]},"17":{"type":"branch","line":77,"loc":{"start":{"line":77,"column":5},"end":{"line":79,"column":5}},"locations":[{"start":{"line":77,"column":5},"end":{"line":79,"column":5}}]},"18":{"type":"branch","line":77,"loc":{"start":{"line":77,"column":31},"end":{"line":79,"column":5}},"locations":[{"start":{"line":77,"column":31},"end":{"line":79,"column":5}}]},"19":{"type":"branch","line":83,"loc":{"start":{"line":83,"column":21},"end":{"line":83,"column":124}},"locations":[{"start":{"line":83,"column":21},"end":{"line":83,"column":124}}]},"20":{"type":"branch","line":86,"loc":{"start":{"line":86,"column":23},"end":{"line":86,"column":127}},"locations":[{"start":{"line":86,"column":23},"end":{"line":86,"column":127}}]},"21":{"type":"branch","line":88,"loc":{"start":{"line":88,"column":40},"end":{"line":94,"column":5}},"locations":[{"start":{"line":88,"column":40},"end":{"line":94,"column":5}}]},"22":{"type":"branch","line":90,"loc":{"start":{"line":90,"column":58},"end":{"line":92,"column":9}},"locations":[{"start":{"line":90,"column":58},"end":{"line":92,"column":9}}]},"23":{"type":"branch","line":96,"loc":{"start":{"line":96,"column":40},"end":{"line":113,"column":5}},"locations":[{"start":{"line":96,"column":40},"end":{"line":113,"column":5}}]},"24":{"type":"branch","line":98,"loc":{"start":{"line":98,"column":44},"end":{"line":98,"column":50}},"locations":[{"start":{"line":98,"column":44},"end":{"line":98,"column":50}}]},"25":{"type":"branch","line":99,"loc":{"start":{"line":99,"column":19},"end":{"line":99,"column":35}},"locations":[{"start":{"line":99,"column":19},"end":{"line":99,"column":35}}]},"26":{"type":"branch","line":99,"loc":{"start":{"line":99,"column":37},"end":{"line":101,"column":9}},"locations":[{"start":{"line":99,"column":37},"end":{"line":101,"column":9}}]},"27":{"type":"branch","line":101,"loc":{"start":{"line":101,"column":9},"end":{"line":103,"column":9}},"locations":[{"start":{"line":101,"column":9},"end":{"line":103,"column":9}}]},"28":{"type":"branch","line":101,"loc":{"start":{"line":101,"column":49},"end":{"line":103,"column":9}},"locations":[{"start":{"line":101,"column":49},"end":{"line":103,"column":9}}]},"29":{"type":"branch","line":104,"loc":{"start":{"line":104,"column":21},"end":{"line":104,"column":39}},"locations":[{"start":{"line":104,"column":21},"end":{"line":104,"column":39}}]},"30":{"type":"branch","line":104,"loc":{"start":{"line":104,"column":41},"end":{"line":106,"column":9}},"locations":[{"start":{"line":104,"column":41},"end":{"line":106,"column":9}}]},"31":{"type":"branch","line":108,"loc":{"start":{"line":108,"column":18},"end":{"line":108,"column":113}},"locations":[{"start":{"line":108,"column":18},"end":{"line":108,"column":113}}]},"32":{"type":"branch","line":109,"loc":{"start":{"line":109,"column":26},"end":{"line":109,"column":49}},"locations":[{"start":{"line":109,"column":26},"end":{"line":109,"column":49}}]},"33":{"type":"branch","line":109,"loc":{"start":{"line":109,"column":51},"end":{"line":111,"column":9}},"locations":[{"start":{"line":109,"column":51},"end":{"line":111,"column":9}}]},"34":{"type":"branch","line":116,"loc":{"start":{"line":116,"column":20},"end":{"line":116,"column":41}},"locations":[{"start":{"line":116,"column":20},"end":{"line":116,"column":41}}]},"35":{"type":"branch","line":116,"loc":{"start":{"line":116,"column":43},"end":{"line":118,"column":5}},"locations":[{"start":{"line":116,"column":43},"end":{"line":118,"column":5}}]},"36":{"type":"branch","line":117,"loc":{"start":{"line":117,"column":52},"end":{"line":117,"column":64}},"locations":[{"start":{"line":117,"column":52},"end":{"line":117,"column":64}}]},"37":{"type":"branch","line":120,"loc":{"start":{"line":120,"column":29},"end":{"line":121,"column":100}},"locations":[{"start":{"line":120,"column":29},"end":{"line":121,"column":100}}]},"38":{"type":"branch","line":121,"loc":{"start":{"line":121,"column":36},"end":{"line":121,"column":64}},"locations":[{"start":{"line":121,"column":36},"end":{"line":121,"column":64}}]},"39":{"type":"branch","line":121,"loc":{"start":{"line":121,"column":65},"end":{"line":121,"column":99}},"locations":[{"start":{"line":121,"column":65},"end":{"line":121,"column":99}}]},"40":{"type":"branch","line":121,"loc":{"start":{"line":121,"column":101},"end":{"line":122,"column":47}},"locations":[{"start":{"line":121,"column":101},"end":{"line":122,"column":47}}]},"41":{"type":"branch","line":122,"loc":{"start":{"line":122,"column":23},"end":{"line":122,"column":46}},"locations":[{"start":{"line":122,"column":23},"end":{"line":122,"column":46}}]},"42":{"type":"branch","line":122,"loc":{"start":{"line":122,"column":49},"end":{"line":124,"column":5}},"locations":[{"start":{"line":122,"column":49},"end":{"line":124,"column":5}}]},"43":{"type":"branch","line":127,"loc":{"start":{"line":127,"column":29},"end":{"line":127,"column":61}},"locations":[{"start":{"line":127,"column":29},"end":{"line":127,"column":61}}]},"44":{"type":"branch","line":127,"loc":{"start":{"line":127,"column":63},"end":{"line":133,"column":5}},"locations":[{"start":{"line":127,"column":63},"end":{"line":133,"column":5}}]},"45":{"type":"branch","line":128,"loc":{"start":{"line":128,"column":34},"end":{"line":128,"column":67}},"locations":[{"start":{"line":128,"column":34},"end":{"line":128,"column":67}}]},"46":{"type":"branch","line":128,"loc":{"start":{"line":128,"column":69},"end":{"line":130,"column":7}},"locations":[{"start":{"line":128,"column":69},"end":{"line":130,"column":7}}]},"47":{"type":"branch","line":130,"loc":{"start":{"line":130,"column":7},"end":{"line":132,"column":7}},"locations":[{"start":{"line":130,"column":7},"end":{"line":132,"column":7}}]},"48":{"type":"branch","line":130,"loc":{"start":{"line":130,"column":72},"end":{"line":132,"column":7}},"locations":[{"start":{"line":130,"column":72},"end":{"line":132,"column":7}}]},"49":{"type":"branch","line":64,"loc":{"start":{"line":64,"column":25},"end":{"line":64,"column":34}},"locations":[{"start":{"line":64,"column":25},"end":{"line":64,"column":34}}]},"50":{"type":"branch","line":69,"loc":{"start":{"line":69,"column":53},"end":{"line":69,"column":72}},"locations":[{"start":{"line":69,"column":53},"end":{"line":69,"column":72}}]}},"b":{"0":[28],"1":[30],"2":[1],"3":[1],"4":[65],"5":[8],"6":[57],"7":[8],"8":[0],"9":[8],"10":[3],"11":[27],"12":[30],"13":[29],"14":[30],"15":[28],"16":[2],"17":[28],"18":[2],"19":[1],"20":[1],"21":[2],"22":[1],"23":[5],"24":[1],"25":[4],"26":[1],"27":[4],"28":[0],"29":[4],"30":[1],"31":[1],"32":[4],"33":[1],"34":[29],"35":[2],"36":[0],"37":[29],"38":[27],"39":[26],"40":[3],"41":[1],"42":[2],"43":[29],"44":[3],"45":[2],"46":[1],"47":[2],"48":[1],"49":[30],"50":[29]},"fnMap":{"0":{"name":"_collectNodes","decl":{"start":{"line":39,"column":0},"end":{"line":45,"column":1}},"loc":{"start":{"line":39,"column":0},"end":{"line":45,"column":1}},"line":39},"1":{"name":"_checkFhirPath","decl":{"start":{"line":49,"column":0},"end":{"line":59,"column":1}},"loc":{"start":{"line":49,"column":0},"end":{"line":59,"column":1}},"line":49},"2":{"name":"validateTree","decl":{"start":{"line":61,"column":7},"end":{"line":138,"column":1}},"loc":{"start":{"line":61,"column":7},"end":{"line":138,"column":1}},"line":61}},"f":{"0":28,"1":65,"2":27}}
}
